Log : 13/05/2019 15:05:00,227 - ERROR [AWT-EventQueue-0] (InstanceScreenTSView.java:3445) - java.lang.NullPointerException
Log : 13/05/2019 15:05:32,524 - ERROR [AWT-EventQueue-0] (InstanceScreenTSView.java:3445) - java.lang.NullPointerException
Log : 13/05/2019 15:10:36,180 - ERROR [AWT-EventQueue-0] (InstanceScreenTSView.java:3445) - java.lang.NullPointerException
Log : 13/05/2019 15:14:05,009 - ERROR [AWT-EventQueue-0] (InstanceScreenTSView.java:3445) - java.lang.NullPointerException
Log : 13/05/2019 15:17:47,875 - ERROR [AWT-EventQueue-0] (InstanceScreenTSView.java:3445) - java.lang.NullPointerException
Log : 13/05/2019 15:27:28,359 - ERROR [AWT-EventQueue-0] (InstanceScreenTSView.java:3445) - java.lang.NullPointerException
Log : 13/05/2019 15:32:55,411 -  INFO [SwingWorker-pool-1-thread-9] (TesteCaseTSDAO.java:269) - Realizando cópia da planilha
Log : 13/05/2019 15:32:57,520 -  INFO [SwingWorker-pool-1-thread-9] (TesteCaseTSDAO.java:281) - Planilha copiada
Log : 13/05/2019 15:33:01,551 -  INFO [SwingWorker-pool-1-thread-9] (TesteCaseTSDAO.java:315) - Inserindo dados do plano
Log : 13/05/2019 15:33:01,567 -  INFO [SwingWorker-pool-1-thread-9] (TesteCaseTSDAO.java:346) - Inserindo dados dos TCs
Log : 13/05/2019 15:33:01,661 -  INFO [SwingWorker-pool-1-thread-9] (TesteCaseTSDAO.java:387) - Inserindo dados dos Steps
Log : 13/05/2019 15:33:01,676 -  INFO [SwingWorker-pool-1-thread-9] (TesteCaseTSDAO.java:387) - Inserindo dados dos Steps
Log : 13/05/2019 15:33:01,676 -  INFO [SwingWorker-pool-1-thread-9] (TesteCaseTSDAO.java:420) - Dados inseridos na planilha
Log : 13/05/2019 15:33:01,676 -  INFO [SwingWorker-pool-1-thread-9] (TesteCaseTSDAO.java:346) - Inserindo dados dos TCs
Log : 13/05/2019 15:33:01,692 -  INFO [SwingWorker-pool-1-thread-9] (TesteCaseTSDAO.java:387) - Inserindo dados dos Steps
Log : 13/05/2019 15:33:01,708 -  INFO [SwingWorker-pool-1-thread-9] (TesteCaseTSDAO.java:387) - Inserindo dados dos Steps
Log : 13/05/2019 15:33:01,817 -  INFO [SwingWorker-pool-1-thread-9] (TesteCaseTSDAO.java:420) - Dados inseridos na planilha
Log : 13/05/2019 15:33:01,833 -  INFO [SwingWorker-pool-1-thread-9] (TesteCaseTSDAO.java:441) - Preparando para salvar planilha
Log : 13/05/2019 15:33:01,833 -  INFO [SwingWorker-pool-1-thread-9] (TesteCaseTSDAO.java:444) - Fim método - new FileOutputStream(destinationSheet) 
Log : 13/05/2019 15:33:01,848 -  INFO [SwingWorker-pool-1-thread-9] (TesteCaseTSDAO.java:445) - Tentando gravar na planilha.
Log : 13/05/2019 15:33:03,942 -  INFO [SwingWorker-pool-1-thread-9] (TesteCaseTSDAO.java:447) - Fim método - workbook.write(fileOut)
Log : 13/05/2019 15:33:03,958 -  INFO [SwingWorker-pool-1-thread-9] (TesteCaseTSDAO.java:451) - Planilha gerada.
Log : 13/05/2019 16:11:10,503 -  INFO [SwingWorker-pool-1-thread-3] (TesteCaseTSDAO.java:269) - Realizando cópia da planilha
Log : 13/05/2019 16:11:12,550 -  INFO [SwingWorker-pool-1-thread-3] (TesteCaseTSDAO.java:281) - Planilha copiada
Log : 13/05/2019 16:11:16,003 -  INFO [SwingWorker-pool-1-thread-3] (TesteCaseTSDAO.java:315) - Inserindo dados do plano
Log : 13/05/2019 16:11:16,034 -  INFO [SwingWorker-pool-1-thread-3] (TesteCaseTSDAO.java:346) - Inserindo dados dos TCs
Log : 13/05/2019 16:11:16,081 -  INFO [SwingWorker-pool-1-thread-3] (TesteCaseTSDAO.java:387) - Inserindo dados dos Steps
Log : 13/05/2019 16:11:16,097 -  INFO [SwingWorker-pool-1-thread-3] (TesteCaseTSDAO.java:387) - Inserindo dados dos Steps
Log : 13/05/2019 16:11:16,112 -  INFO [SwingWorker-pool-1-thread-3] (TesteCaseTSDAO.java:420) - Dados inseridos na planilha
Log : 13/05/2019 16:11:16,112 -  INFO [SwingWorker-pool-1-thread-3] (TesteCaseTSDAO.java:346) - Inserindo dados dos TCs
Log : 13/05/2019 16:11:16,222 -  INFO [SwingWorker-pool-1-thread-3] (TesteCaseTSDAO.java:387) - Inserindo dados dos Steps
Log : 13/05/2019 16:11:16,331 -  INFO [SwingWorker-pool-1-thread-3] (TesteCaseTSDAO.java:387) - Inserindo dados dos Steps
Log : 13/05/2019 16:11:16,331 -  INFO [SwingWorker-pool-1-thread-3] (TesteCaseTSDAO.java:420) - Dados inseridos na planilha
Log : 13/05/2019 16:11:16,347 -  INFO [SwingWorker-pool-1-thread-3] (TesteCaseTSDAO.java:346) - Inserindo dados dos TCs
Log : 13/05/2019 16:11:16,362 -  INFO [SwingWorker-pool-1-thread-3] (TesteCaseTSDAO.java:387) - Inserindo dados dos Steps
Log : 13/05/2019 16:11:16,378 -  INFO [SwingWorker-pool-1-thread-3] (TesteCaseTSDAO.java:387) - Inserindo dados dos Steps
Log : 13/05/2019 16:11:16,378 -  INFO [SwingWorker-pool-1-thread-3] (TesteCaseTSDAO.java:420) - Dados inseridos na planilha
Log : 13/05/2019 16:11:16,378 -  INFO [SwingWorker-pool-1-thread-3] (TesteCaseTSDAO.java:346) - Inserindo dados dos TCs
Log : 13/05/2019 16:11:16,393 -  INFO [SwingWorker-pool-1-thread-3] (TesteCaseTSDAO.java:387) - Inserindo dados dos Steps
Log : 13/05/2019 16:11:16,393 -  INFO [SwingWorker-pool-1-thread-3] (TesteCaseTSDAO.java:387) - Inserindo dados dos Steps
Log : 13/05/2019 16:11:16,393 -  INFO [SwingWorker-pool-1-thread-3] (TesteCaseTSDAO.java:420) - Dados inseridos na planilha
Log : 13/05/2019 16:11:16,393 -  INFO [SwingWorker-pool-1-thread-3] (TesteCaseTSDAO.java:441) - Preparando para salvar planilha
Log : 13/05/2019 16:11:16,393 -  INFO [SwingWorker-pool-1-thread-3] (TesteCaseTSDAO.java:444) - Fim método - new FileOutputStream(destinationSheet) 
Log : 13/05/2019 16:11:16,425 -  INFO [SwingWorker-pool-1-thread-3] (TesteCaseTSDAO.java:445) - Tentando gravar na planilha.
Log : 13/05/2019 16:11:18,925 -  INFO [SwingWorker-pool-1-thread-3] (TesteCaseTSDAO.java:447) - Fim método - workbook.write(fileOut)
Log : 13/05/2019 16:11:18,925 -  INFO [SwingWorker-pool-1-thread-3] (TesteCaseTSDAO.java:451) - Planilha gerada.
Log : 13/05/2019 16:16:41,175 -  INFO [SwingWorker-pool-1-thread-4] (TesteCaseTSDAO.java:269) - Realizando cópia da planilha
Log : 13/05/2019 16:16:43,253 -  INFO [SwingWorker-pool-1-thread-4] (TesteCaseTSDAO.java:281) - Planilha copiada
Log : 13/05/2019 16:16:45,159 -  INFO [SwingWorker-pool-1-thread-4] (TesteCaseTSDAO.java:315) - Inserindo dados do plano
Log : 13/05/2019 16:16:45,190 -  INFO [SwingWorker-pool-1-thread-4] (TesteCaseTSDAO.java:346) - Inserindo dados dos TCs
Log : 13/05/2019 16:16:45,362 -  INFO [SwingWorker-pool-1-thread-4] (TesteCaseTSDAO.java:387) - Inserindo dados dos Steps
Log : 13/05/2019 16:16:45,362 -  INFO [SwingWorker-pool-1-thread-4] (TesteCaseTSDAO.java:387) - Inserindo dados dos Steps
Log : 13/05/2019 16:16:45,378 -  INFO [SwingWorker-pool-1-thread-4] (TesteCaseTSDAO.java:420) - Dados inseridos na planilha
Log : 13/05/2019 16:16:45,378 -  INFO [SwingWorker-pool-1-thread-4] (TesteCaseTSDAO.java:346) - Inserindo dados dos TCs
Log : 13/05/2019 16:16:45,393 -  INFO [SwingWorker-pool-1-thread-4] (TesteCaseTSDAO.java:387) - Inserindo dados dos Steps
Log : 13/05/2019 16:16:45,393 -  INFO [SwingWorker-pool-1-thread-4] (TesteCaseTSDAO.java:387) - Inserindo dados dos Steps
Log : 13/05/2019 16:16:45,409 -  INFO [SwingWorker-pool-1-thread-4] (TesteCaseTSDAO.java:420) - Dados inseridos na planilha
Log : 13/05/2019 16:16:45,409 -  INFO [SwingWorker-pool-1-thread-4] (TesteCaseTSDAO.java:346) - Inserindo dados dos TCs
Log : 13/05/2019 16:16:45,425 -  INFO [SwingWorker-pool-1-thread-4] (TesteCaseTSDAO.java:387) - Inserindo dados dos Steps
Log : 13/05/2019 16:16:45,425 -  INFO [SwingWorker-pool-1-thread-4] (TesteCaseTSDAO.java:387) - Inserindo dados dos Steps
Log : 13/05/2019 16:16:45,440 -  INFO [SwingWorker-pool-1-thread-4] (TesteCaseTSDAO.java:420) - Dados inseridos na planilha
Log : 13/05/2019 16:16:45,440 -  INFO [SwingWorker-pool-1-thread-4] (TesteCaseTSDAO.java:346) - Inserindo dados dos TCs
Log : 13/05/2019 16:16:45,440 -  INFO [SwingWorker-pool-1-thread-4] (TesteCaseTSDAO.java:387) - Inserindo dados dos Steps
Log : 13/05/2019 16:16:45,456 -  INFO [SwingWorker-pool-1-thread-4] (TesteCaseTSDAO.java:387) - Inserindo dados dos Steps
Log : 13/05/2019 16:16:45,456 -  INFO [SwingWorker-pool-1-thread-4] (TesteCaseTSDAO.java:420) - Dados inseridos na planilha
Log : 13/05/2019 16:16:45,456 -  INFO [SwingWorker-pool-1-thread-4] (TesteCaseTSDAO.java:441) - Preparando para salvar planilha
Log : 13/05/2019 16:16:45,472 -  INFO [SwingWorker-pool-1-thread-4] (TesteCaseTSDAO.java:444) - Fim método - new FileOutputStream(destinationSheet) 
Log : 13/05/2019 16:16:45,487 -  INFO [SwingWorker-pool-1-thread-4] (TesteCaseTSDAO.java:445) - Tentando gravar na planilha.
Log : 13/05/2019 16:16:46,253 -  INFO [SwingWorker-pool-1-thread-4] (TesteCaseTSDAO.java:447) - Fim método - workbook.write(fileOut)
Log : 13/05/2019 16:16:46,253 -  INFO [SwingWorker-pool-1-thread-4] (TesteCaseTSDAO.java:451) - Planilha gerada.
Log : 13/05/2019 17:08:41,584 -  INFO [SwingWorker-pool-2-thread-3] (TesteCaseTSDAO.java:269) - Realizando cópia da planilha
Log : 13/05/2019 17:08:43,662 -  INFO [SwingWorker-pool-2-thread-3] (TesteCaseTSDAO.java:281) - Planilha copiada
Log : 13/05/2019 17:08:47,006 -  INFO [SwingWorker-pool-2-thread-3] (TesteCaseTSDAO.java:315) - Inserindo dados do plano
Log : 13/05/2019 17:08:47,021 -  INFO [SwingWorker-pool-2-thread-3] (TesteCaseTSDAO.java:346) - Inserindo dados dos TCs
Log : 13/05/2019 17:08:47,053 -  INFO [SwingWorker-pool-2-thread-3] (TesteCaseTSDAO.java:387) - Inserindo dados dos Steps
Log : 13/05/2019 17:08:47,053 -  INFO [SwingWorker-pool-2-thread-3] (TesteCaseTSDAO.java:387) - Inserindo dados dos Steps
Log : 13/05/2019 17:08:47,053 -  INFO [SwingWorker-pool-2-thread-3] (TesteCaseTSDAO.java:387) - Inserindo dados dos Steps
Log : 13/05/2019 17:08:47,053 -  INFO [SwingWorker-pool-2-thread-3] (TesteCaseTSDAO.java:387) - Inserindo dados dos Steps
Log : 13/05/2019 17:08:47,068 -  INFO [SwingWorker-pool-2-thread-3] (TesteCaseTSDAO.java:420) - Dados inseridos na planilha
Log : 13/05/2019 17:08:47,084 -  INFO [SwingWorker-pool-2-thread-3] (TesteCaseTSDAO.java:346) - Inserindo dados dos TCs
Log : 13/05/2019 17:08:47,100 -  INFO [SwingWorker-pool-2-thread-3] (TesteCaseTSDAO.java:387) - Inserindo dados dos Steps
Log : 13/05/2019 17:08:47,100 -  INFO [SwingWorker-pool-2-thread-3] (TesteCaseTSDAO.java:387) - Inserindo dados dos Steps
Log : 13/05/2019 17:08:47,100 -  INFO [SwingWorker-pool-2-thread-3] (TesteCaseTSDAO.java:387) - Inserindo dados dos Steps
Log : 13/05/2019 17:08:47,100 -  INFO [SwingWorker-pool-2-thread-3] (TesteCaseTSDAO.java:387) - Inserindo dados dos Steps
Log : 13/05/2019 17:08:47,100 -  INFO [SwingWorker-pool-2-thread-3] (TesteCaseTSDAO.java:420) - Dados inseridos na planilha
Log : 13/05/2019 17:08:47,115 -  INFO [SwingWorker-pool-2-thread-3] (TesteCaseTSDAO.java:346) - Inserindo dados dos TCs
Log : 13/05/2019 17:08:47,240 -  INFO [SwingWorker-pool-2-thread-3] (TesteCaseTSDAO.java:387) - Inserindo dados dos Steps
Log : 13/05/2019 17:08:47,490 -  INFO [SwingWorker-pool-2-thread-3] (TesteCaseTSDAO.java:387) - Inserindo dados dos Steps
Log : 13/05/2019 17:08:47,490 -  INFO [SwingWorker-pool-2-thread-3] (TesteCaseTSDAO.java:387) - Inserindo dados dos Steps
Log : 13/05/2019 17:08:47,506 -  INFO [SwingWorker-pool-2-thread-3] (TesteCaseTSDAO.java:387) - Inserindo dados dos Steps
Log : 13/05/2019 17:08:47,506 -  INFO [SwingWorker-pool-2-thread-3] (TesteCaseTSDAO.java:420) - Dados inseridos na planilha
Log : 13/05/2019 17:08:47,506 -  INFO [SwingWorker-pool-2-thread-3] (TesteCaseTSDAO.java:346) - Inserindo dados dos TCs
Log : 13/05/2019 17:08:47,537 -  INFO [SwingWorker-pool-2-thread-3] (TesteCaseTSDAO.java:387) - Inserindo dados dos Steps
Log : 13/05/2019 17:08:47,537 -  INFO [SwingWorker-pool-2-thread-3] (TesteCaseTSDAO.java:387) - Inserindo dados dos Steps
Log : 13/05/2019 17:08:47,537 -  INFO [SwingWorker-pool-2-thread-3] (TesteCaseTSDAO.java:387) - Inserindo dados dos Steps
Log : 13/05/2019 17:08:47,553 -  INFO [SwingWorker-pool-2-thread-3] (TesteCaseTSDAO.java:387) - Inserindo dados dos Steps
Log : 13/05/2019 17:08:47,553 -  INFO [SwingWorker-pool-2-thread-3] (TesteCaseTSDAO.java:420) - Dados inseridos na planilha
Log : 13/05/2019 17:08:47,553 -  INFO [SwingWorker-pool-2-thread-3] (TesteCaseTSDAO.java:346) - Inserindo dados dos TCs
Log : 13/05/2019 17:08:47,615 -  INFO [SwingWorker-pool-2-thread-3] (TesteCaseTSDAO.java:387) - Inserindo dados dos Steps
Log : 13/05/2019 17:08:47,943 -  INFO [SwingWorker-pool-2-thread-3] (TesteCaseTSDAO.java:387) - Inserindo dados dos Steps
Log : 13/05/2019 17:08:47,943 -  INFO [SwingWorker-pool-2-thread-3] (TesteCaseTSDAO.java:387) - Inserindo dados dos Steps
Log : 13/05/2019 17:08:47,943 -  INFO [SwingWorker-pool-2-thread-3] (TesteCaseTSDAO.java:387) - Inserindo dados dos Steps
Log : 13/05/2019 17:08:47,943 -  INFO [SwingWorker-pool-2-thread-3] (TesteCaseTSDAO.java:420) - Dados inseridos na planilha
Log : 13/05/2019 17:08:47,943 -  INFO [SwingWorker-pool-2-thread-3] (TesteCaseTSDAO.java:346) - Inserindo dados dos TCs
Log : 13/05/2019 17:08:47,959 -  INFO [SwingWorker-pool-2-thread-3] (TesteCaseTSDAO.java:387) - Inserindo dados dos Steps
Log : 13/05/2019 17:08:47,959 -  INFO [SwingWorker-pool-2-thread-3] (TesteCaseTSDAO.java:387) - Inserindo dados dos Steps
Log : 13/05/2019 17:08:47,959 -  INFO [SwingWorker-pool-2-thread-3] (TesteCaseTSDAO.java:387) - Inserindo dados dos Steps
Log : 13/05/2019 17:08:47,959 -  INFO [SwingWorker-pool-2-thread-3] (TesteCaseTSDAO.java:387) - Inserindo dados dos Steps
Log : 13/05/2019 17:08:47,975 -  INFO [SwingWorker-pool-2-thread-3] (TesteCaseTSDAO.java:420) - Dados inseridos na planilha
Log : 13/05/2019 17:08:47,975 -  INFO [SwingWorker-pool-2-thread-3] (TesteCaseTSDAO.java:346) - Inserindo dados dos TCs
Log : 13/05/2019 17:08:48,006 -  INFO [SwingWorker-pool-2-thread-3] (TesteCaseTSDAO.java:387) - Inserindo dados dos Steps
Log : 13/05/2019 17:08:48,021 -  INFO [SwingWorker-pool-2-thread-3] (TesteCaseTSDAO.java:387) - Inserindo dados dos Steps
Log : 13/05/2019 17:08:48,021 -  INFO [SwingWorker-pool-2-thread-3] (TesteCaseTSDAO.java:387) - Inserindo dados dos Steps
Log : 13/05/2019 17:08:48,021 -  INFO [SwingWorker-pool-2-thread-3] (TesteCaseTSDAO.java:387) - Inserindo dados dos Steps
Log : 13/05/2019 17:08:48,021 -  INFO [SwingWorker-pool-2-thread-3] (TesteCaseTSDAO.java:420) - Dados inseridos na planilha
Log : 13/05/2019 17:08:48,021 -  INFO [SwingWorker-pool-2-thread-3] (TesteCaseTSDAO.java:346) - Inserindo dados dos TCs
Log : 13/05/2019 17:08:48,021 -  INFO [SwingWorker-pool-2-thread-3] (TesteCaseTSDAO.java:387) - Inserindo dados dos Steps
Log : 13/05/2019 17:08:48,021 -  INFO [SwingWorker-pool-2-thread-3] (TesteCaseTSDAO.java:387) - Inserindo dados dos Steps
Log : 13/05/2019 17:08:48,037 -  INFO [SwingWorker-pool-2-thread-3] (TesteCaseTSDAO.java:387) - Inserindo dados dos Steps
Log : 13/05/2019 17:08:48,037 -  INFO [SwingWorker-pool-2-thread-3] (TesteCaseTSDAO.java:387) - Inserindo dados dos Steps
Log : 13/05/2019 17:08:48,037 -  INFO [SwingWorker-pool-2-thread-3] (TesteCaseTSDAO.java:420) - Dados inseridos na planilha
Log : 13/05/2019 17:08:48,037 -  INFO [SwingWorker-pool-2-thread-3] (TesteCaseTSDAO.java:346) - Inserindo dados dos TCs
Log : 13/05/2019 17:08:48,209 -  INFO [SwingWorker-pool-2-thread-3] (TesteCaseTSDAO.java:387) - Inserindo dados dos Steps
Log : 13/05/2019 17:08:48,209 -  INFO [SwingWorker-pool-2-thread-3] (TesteCaseTSDAO.java:387) - Inserindo dados dos Steps
Log : 13/05/2019 17:08:48,209 -  INFO [SwingWorker-pool-2-thread-3] (TesteCaseTSDAO.java:387) - Inserindo dados dos Steps
Log : 13/05/2019 17:08:48,225 -  INFO [SwingWorker-pool-2-thread-3] (TesteCaseTSDAO.java:387) - Inserindo dados dos Steps
Log : 13/05/2019 17:08:48,225 -  INFO [SwingWorker-pool-2-thread-3] (TesteCaseTSDAO.java:420) - Dados inseridos na planilha
Log : 13/05/2019 17:08:48,225 -  INFO [SwingWorker-pool-2-thread-3] (TesteCaseTSDAO.java:346) - Inserindo dados dos TCs
Log : 13/05/2019 17:08:48,240 -  INFO [SwingWorker-pool-2-thread-3] (TesteCaseTSDAO.java:387) - Inserindo dados dos Steps
Log : 13/05/2019 17:08:48,240 -  INFO [SwingWorker-pool-2-thread-3] (TesteCaseTSDAO.java:387) - Inserindo dados dos Steps
Log : 13/05/2019 17:08:48,256 -  INFO [SwingWorker-pool-2-thread-3] (TesteCaseTSDAO.java:387) - Inserindo dados dos Steps
Log : 13/05/2019 17:08:48,256 -  INFO [SwingWorker-pool-2-thread-3] (TesteCaseTSDAO.java:387) - Inserindo dados dos Steps
Log : 13/05/2019 17:08:48,256 -  INFO [SwingWorker-pool-2-thread-3] (TesteCaseTSDAO.java:420) - Dados inseridos na planilha
Log : 13/05/2019 17:08:48,256 -  INFO [SwingWorker-pool-2-thread-3] (TesteCaseTSDAO.java:346) - Inserindo dados dos TCs
Log : 13/05/2019 17:08:48,271 -  INFO [SwingWorker-pool-2-thread-3] (TesteCaseTSDAO.java:387) - Inserindo dados dos Steps
Log : 13/05/2019 17:08:48,271 -  INFO [SwingWorker-pool-2-thread-3] (TesteCaseTSDAO.java:387) - Inserindo dados dos Steps
Log : 13/05/2019 17:08:48,271 -  INFO [SwingWorker-pool-2-thread-3] (TesteCaseTSDAO.java:387) - Inserindo dados dos Steps
Log : 13/05/2019 17:08:48,271 -  INFO [SwingWorker-pool-2-thread-3] (TesteCaseTSDAO.java:387) - Inserindo dados dos Steps
Log : 13/05/2019 17:08:48,287 -  INFO [SwingWorker-pool-2-thread-3] (TesteCaseTSDAO.java:420) - Dados inseridos na planilha
Log : 13/05/2019 17:08:48,287 -  INFO [SwingWorker-pool-2-thread-3] (TesteCaseTSDAO.java:346) - Inserindo dados dos TCs
Log : 13/05/2019 17:08:48,303 -  INFO [SwingWorker-pool-2-thread-3] (TesteCaseTSDAO.java:387) - Inserindo dados dos Steps
Log : 13/05/2019 17:08:48,303 -  INFO [SwingWorker-pool-2-thread-3] (TesteCaseTSDAO.java:387) - Inserindo dados dos Steps
Log : 13/05/2019 17:08:48,303 -  INFO [SwingWorker-pool-2-thread-3] (TesteCaseTSDAO.java:387) - Inserindo dados dos Steps
Log : 13/05/2019 17:08:48,303 -  INFO [SwingWorker-pool-2-thread-3] (TesteCaseTSDAO.java:387) - Inserindo dados dos Steps
Log : 13/05/2019 17:08:48,303 -  INFO [SwingWorker-pool-2-thread-3] (TesteCaseTSDAO.java:420) - Dados inseridos na planilha
Log : 13/05/2019 17:08:48,303 -  INFO [SwingWorker-pool-2-thread-3] (TesteCaseTSDAO.java:346) - Inserindo dados dos TCs
Log : 13/05/2019 17:08:48,318 -  INFO [SwingWorker-pool-2-thread-3] (TesteCaseTSDAO.java:387) - Inserindo dados dos Steps
Log : 13/05/2019 17:08:48,334 -  INFO [SwingWorker-pool-2-thread-3] (TesteCaseTSDAO.java:387) - Inserindo dados dos Steps
Log : 13/05/2019 17:08:48,334 -  INFO [SwingWorker-pool-2-thread-3] (TesteCaseTSDAO.java:387) - Inserindo dados dos Steps
Log : 13/05/2019 17:08:48,334 -  INFO [SwingWorker-pool-2-thread-3] (TesteCaseTSDAO.java:387) - Inserindo dados dos Steps
Log : 13/05/2019 17:08:48,334 -  INFO [SwingWorker-pool-2-thread-3] (TesteCaseTSDAO.java:420) - Dados inseridos na planilha
Log : 13/05/2019 17:08:48,334 -  INFO [SwingWorker-pool-2-thread-3] (TesteCaseTSDAO.java:346) - Inserindo dados dos TCs
Log : 13/05/2019 17:08:48,334 -  INFO [SwingWorker-pool-2-thread-3] (TesteCaseTSDAO.java:387) - Inserindo dados dos Steps
Log : 13/05/2019 17:08:48,350 -  INFO [SwingWorker-pool-2-thread-3] (TesteCaseTSDAO.java:387) - Inserindo dados dos Steps
Log : 13/05/2019 17:08:48,350 -  INFO [SwingWorker-pool-2-thread-3] (TesteCaseTSDAO.java:387) - Inserindo dados dos Steps
Log : 13/05/2019 17:08:48,350 -  INFO [SwingWorker-pool-2-thread-3] (TesteCaseTSDAO.java:387) - Inserindo dados dos Steps
Log : 13/05/2019 17:08:48,350 -  INFO [SwingWorker-pool-2-thread-3] (TesteCaseTSDAO.java:420) - Dados inseridos na planilha
Log : 13/05/2019 17:08:48,350 -  INFO [SwingWorker-pool-2-thread-3] (TesteCaseTSDAO.java:346) - Inserindo dados dos TCs
Log : 13/05/2019 17:08:48,365 -  INFO [SwingWorker-pool-2-thread-3] (TesteCaseTSDAO.java:387) - Inserindo dados dos Steps
Log : 13/05/2019 17:08:48,381 -  INFO [SwingWorker-pool-2-thread-3] (TesteCaseTSDAO.java:387) - Inserindo dados dos Steps
Log : 13/05/2019 17:08:48,381 -  INFO [SwingWorker-pool-2-thread-3] (TesteCaseTSDAO.java:387) - Inserindo dados dos Steps
Log : 13/05/2019 17:08:48,381 -  INFO [SwingWorker-pool-2-thread-3] (TesteCaseTSDAO.java:387) - Inserindo dados dos Steps
Log : 13/05/2019 17:08:48,381 -  INFO [SwingWorker-pool-2-thread-3] (TesteCaseTSDAO.java:420) - Dados inseridos na planilha
Log : 13/05/2019 17:08:48,396 -  INFO [SwingWorker-pool-2-thread-3] (TesteCaseTSDAO.java:346) - Inserindo dados dos TCs
Log : 13/05/2019 17:08:48,396 -  INFO [SwingWorker-pool-2-thread-3] (TesteCaseTSDAO.java:387) - Inserindo dados dos Steps
Log : 13/05/2019 17:08:48,396 -  INFO [SwingWorker-pool-2-thread-3] (TesteCaseTSDAO.java:387) - Inserindo dados dos Steps
Log : 13/05/2019 17:08:48,412 -  INFO [SwingWorker-pool-2-thread-3] (TesteCaseTSDAO.java:387) - Inserindo dados dos Steps
Log : 13/05/2019 17:08:48,412 -  INFO [SwingWorker-pool-2-thread-3] (TesteCaseTSDAO.java:387) - Inserindo dados dos Steps
Log : 13/05/2019 17:08:48,412 -  INFO [SwingWorker-pool-2-thread-3] (TesteCaseTSDAO.java:420) - Dados inseridos na planilha
Log : 13/05/2019 17:08:48,412 -  INFO [SwingWorker-pool-2-thread-3] (TesteCaseTSDAO.java:346) - Inserindo dados dos TCs
Log : 13/05/2019 17:08:48,428 -  INFO [SwingWorker-pool-2-thread-3] (TesteCaseTSDAO.java:387) - Inserindo dados dos Steps
Log : 13/05/2019 17:08:48,443 -  INFO [SwingWorker-pool-2-thread-3] (TesteCaseTSDAO.java:387) - Inserindo dados dos Steps
Log : 13/05/2019 17:08:48,443 -  INFO [SwingWorker-pool-2-thread-3] (TesteCaseTSDAO.java:387) - Inserindo dados dos Steps
Log : 13/05/2019 17:08:48,443 -  INFO [SwingWorker-pool-2-thread-3] (TesteCaseTSDAO.java:387) - Inserindo dados dos Steps
Log : 13/05/2019 17:08:48,459 -  INFO [SwingWorker-pool-2-thread-3] (TesteCaseTSDAO.java:420) - Dados inseridos na planilha
Log : 13/05/2019 17:08:48,459 -  INFO [SwingWorker-pool-2-thread-3] (TesteCaseTSDAO.java:346) - Inserindo dados dos TCs
Log : 13/05/2019 17:08:48,475 -  INFO [SwingWorker-pool-2-thread-3] (TesteCaseTSDAO.java:387) - Inserindo dados dos Steps
Log : 13/05/2019 17:08:48,475 -  INFO [SwingWorker-pool-2-thread-3] (TesteCaseTSDAO.java:387) - Inserindo dados dos Steps
Log : 13/05/2019 17:08:48,475 -  INFO [SwingWorker-pool-2-thread-3] (TesteCaseTSDAO.java:387) - Inserindo dados dos Steps
Log : 13/05/2019 17:08:48,475 -  INFO [SwingWorker-pool-2-thread-3] (TesteCaseTSDAO.java:387) - Inserindo dados dos Steps
Log : 13/05/2019 17:08:48,475 -  INFO [SwingWorker-pool-2-thread-3] (TesteCaseTSDAO.java:420) - Dados inseridos na planilha
Log : 13/05/2019 17:08:48,475 -  INFO [SwingWorker-pool-2-thread-3] (TesteCaseTSDAO.java:346) - Inserindo dados dos TCs
Log : 13/05/2019 17:08:48,506 -  INFO [SwingWorker-pool-2-thread-3] (TesteCaseTSDAO.java:387) - Inserindo dados dos Steps
Log : 13/05/2019 17:08:48,506 -  INFO [SwingWorker-pool-2-thread-3] (TesteCaseTSDAO.java:387) - Inserindo dados dos Steps
Log : 13/05/2019 17:08:48,506 -  INFO [SwingWorker-pool-2-thread-3] (TesteCaseTSDAO.java:387) - Inserindo dados dos Steps
Log : 13/05/2019 17:08:48,506 -  INFO [SwingWorker-pool-2-thread-3] (TesteCaseTSDAO.java:420) - Dados inseridos na planilha
Log : 13/05/2019 17:08:48,506 -  INFO [SwingWorker-pool-2-thread-3] (TesteCaseTSDAO.java:346) - Inserindo dados dos TCs
Log : 13/05/2019 17:08:48,521 -  INFO [SwingWorker-pool-2-thread-3] (TesteCaseTSDAO.java:387) - Inserindo dados dos Steps
Log : 13/05/2019 17:08:48,537 -  INFO [SwingWorker-pool-2-thread-3] (TesteCaseTSDAO.java:387) - Inserindo dados dos Steps
Log : 13/05/2019 17:08:48,537 -  INFO [SwingWorker-pool-2-thread-3] (TesteCaseTSDAO.java:387) - Inserindo dados dos Steps
Log : 13/05/2019 17:08:48,537 -  INFO [SwingWorker-pool-2-thread-3] (TesteCaseTSDAO.java:420) - Dados inseridos na planilha
Log : 13/05/2019 17:08:48,537 -  INFO [SwingWorker-pool-2-thread-3] (TesteCaseTSDAO.java:346) - Inserindo dados dos TCs
Log : 13/05/2019 17:08:48,584 -  INFO [SwingWorker-pool-2-thread-3] (TesteCaseTSDAO.java:387) - Inserindo dados dos Steps
Log : 13/05/2019 17:08:48,615 -  INFO [SwingWorker-pool-2-thread-3] (TesteCaseTSDAO.java:387) - Inserindo dados dos Steps
Log : 13/05/2019 17:08:48,615 -  INFO [SwingWorker-pool-2-thread-3] (TesteCaseTSDAO.java:387) - Inserindo dados dos Steps
Log : 13/05/2019 17:08:48,615 -  INFO [SwingWorker-pool-2-thread-3] (TesteCaseTSDAO.java:420) - Dados inseridos na planilha
Log : 13/05/2019 17:08:48,615 -  INFO [SwingWorker-pool-2-thread-3] (TesteCaseTSDAO.java:346) - Inserindo dados dos TCs
Log : 13/05/2019 17:08:48,615 -  INFO [SwingWorker-pool-2-thread-3] (TesteCaseTSDAO.java:387) - Inserindo dados dos Steps
Log : 13/05/2019 17:08:48,631 -  INFO [SwingWorker-pool-2-thread-3] (TesteCaseTSDAO.java:387) - Inserindo dados dos Steps
Log : 13/05/2019 17:08:48,631 -  INFO [SwingWorker-pool-2-thread-3] (TesteCaseTSDAO.java:387) - Inserindo dados dos Steps
Log : 13/05/2019 17:08:48,631 -  INFO [SwingWorker-pool-2-thread-3] (TesteCaseTSDAO.java:387) - Inserindo dados dos Steps
Log : 13/05/2019 17:08:48,631 -  INFO [SwingWorker-pool-2-thread-3] (TesteCaseTSDAO.java:420) - Dados inseridos na planilha
Log : 13/05/2019 17:08:48,631 -  INFO [SwingWorker-pool-2-thread-3] (TesteCaseTSDAO.java:346) - Inserindo dados dos TCs
Log : 13/05/2019 17:08:48,631 -  INFO [SwingWorker-pool-2-thread-3] (TesteCaseTSDAO.java:387) - Inserindo dados dos Steps
Log : 13/05/2019 17:08:48,631 -  INFO [SwingWorker-pool-2-thread-3] (TesteCaseTSDAO.java:387) - Inserindo dados dos Steps
Log : 13/05/2019 17:08:48,631 -  INFO [SwingWorker-pool-2-thread-3] (TesteCaseTSDAO.java:387) - Inserindo dados dos Steps
Log : 13/05/2019 17:08:48,631 -  INFO [SwingWorker-pool-2-thread-3] (TesteCaseTSDAO.java:420) - Dados inseridos na planilha
Log : 13/05/2019 17:08:48,646 -  INFO [SwingWorker-pool-2-thread-3] (TesteCaseTSDAO.java:346) - Inserindo dados dos TCs
Log : 13/05/2019 17:08:48,646 -  INFO [SwingWorker-pool-2-thread-3] (TesteCaseTSDAO.java:387) - Inserindo dados dos Steps
Log : 13/05/2019 17:08:48,646 -  INFO [SwingWorker-pool-2-thread-3] (TesteCaseTSDAO.java:387) - Inserindo dados dos Steps
Log : 13/05/2019 17:08:48,646 -  INFO [SwingWorker-pool-2-thread-3] (TesteCaseTSDAO.java:387) - Inserindo dados dos Steps
Log : 13/05/2019 17:08:48,662 -  INFO [SwingWorker-pool-2-thread-3] (TesteCaseTSDAO.java:420) - Dados inseridos na planilha
Log : 13/05/2019 17:08:48,662 -  INFO [SwingWorker-pool-2-thread-3] (TesteCaseTSDAO.java:346) - Inserindo dados dos TCs
Log : 13/05/2019 17:08:48,693 -  INFO [SwingWorker-pool-2-thread-3] (TesteCaseTSDAO.java:387) - Inserindo dados dos Steps
Log : 13/05/2019 17:08:48,709 -  INFO [SwingWorker-pool-2-thread-3] (TesteCaseTSDAO.java:387) - Inserindo dados dos Steps
Log : 13/05/2019 17:08:48,709 -  INFO [SwingWorker-pool-2-thread-3] (TesteCaseTSDAO.java:387) - Inserindo dados dos Steps
Log : 13/05/2019 17:08:48,709 -  INFO [SwingWorker-pool-2-thread-3] (TesteCaseTSDAO.java:387) - Inserindo dados dos Steps
Log : 13/05/2019 17:08:48,709 -  INFO [SwingWorker-pool-2-thread-3] (TesteCaseTSDAO.java:420) - Dados inseridos na planilha
Log : 13/05/2019 17:08:48,709 -  INFO [SwingWorker-pool-2-thread-3] (TesteCaseTSDAO.java:346) - Inserindo dados dos TCs
Log : 13/05/2019 17:08:48,709 -  INFO [SwingWorker-pool-2-thread-3] (TesteCaseTSDAO.java:387) - Inserindo dados dos Steps
Log : 13/05/2019 17:08:48,725 -  INFO [SwingWorker-pool-2-thread-3] (TesteCaseTSDAO.java:387) - Inserindo dados dos Steps
Log : 13/05/2019 17:08:48,725 -  INFO [SwingWorker-pool-2-thread-3] (TesteCaseTSDAO.java:387) - Inserindo dados dos Steps
Log : 13/05/2019 17:08:48,725 -  INFO [SwingWorker-pool-2-thread-3] (TesteCaseTSDAO.java:420) - Dados inseridos na planilha
Log : 13/05/2019 17:08:48,725 -  INFO [SwingWorker-pool-2-thread-3] (TesteCaseTSDAO.java:346) - Inserindo dados dos TCs
Log : 13/05/2019 17:08:48,725 -  INFO [SwingWorker-pool-2-thread-3] (TesteCaseTSDAO.java:387) - Inserindo dados dos Steps
Log : 13/05/2019 17:08:48,725 -  INFO [SwingWorker-pool-2-thread-3] (TesteCaseTSDAO.java:387) - Inserindo dados dos Steps
Log : 13/05/2019 17:08:48,740 -  INFO [SwingWorker-pool-2-thread-3] (TesteCaseTSDAO.java:387) - Inserindo dados dos Steps
Log : 13/05/2019 17:08:48,740 -  INFO [SwingWorker-pool-2-thread-3] (TesteCaseTSDAO.java:420) - Dados inseridos na planilha
Log : 13/05/2019 17:08:48,740 -  INFO [SwingWorker-pool-2-thread-3] (TesteCaseTSDAO.java:346) - Inserindo dados dos TCs
Log : 13/05/2019 17:08:48,787 -  INFO [SwingWorker-pool-2-thread-3] (TesteCaseTSDAO.java:387) - Inserindo dados dos Steps
Log : 13/05/2019 17:08:48,928 -  INFO [SwingWorker-pool-2-thread-3] (TesteCaseTSDAO.java:387) - Inserindo dados dos Steps
Log : 13/05/2019 17:08:48,928 -  INFO [SwingWorker-pool-2-thread-3] (TesteCaseTSDAO.java:387) - Inserindo dados dos Steps
Log : 13/05/2019 17:08:48,928 -  INFO [SwingWorker-pool-2-thread-3] (TesteCaseTSDAO.java:420) - Dados inseridos na planilha
Log : 13/05/2019 17:08:48,943 -  INFO [SwingWorker-pool-2-thread-3] (TesteCaseTSDAO.java:346) - Inserindo dados dos TCs
Log : 13/05/2019 17:08:49,006 -  INFO [SwingWorker-pool-2-thread-3] (TesteCaseTSDAO.java:387) - Inserindo dados dos Steps
Log : 13/05/2019 17:08:49,006 -  INFO [SwingWorker-pool-2-thread-3] (TesteCaseTSDAO.java:387) - Inserindo dados dos Steps
Log : 13/05/2019 17:08:49,021 -  INFO [SwingWorker-pool-2-thread-3] (TesteCaseTSDAO.java:387) - Inserindo dados dos Steps
Log : 13/05/2019 17:08:49,021 -  INFO [SwingWorker-pool-2-thread-3] (TesteCaseTSDAO.java:420) - Dados inseridos na planilha
Log : 13/05/2019 17:08:49,021 -  INFO [SwingWorker-pool-2-thread-3] (TesteCaseTSDAO.java:346) - Inserindo dados dos TCs
Log : 13/05/2019 17:08:49,021 -  INFO [SwingWorker-pool-2-thread-3] (TesteCaseTSDAO.java:387) - Inserindo dados dos Steps
Log : 13/05/2019 17:08:49,021 -  INFO [SwingWorker-pool-2-thread-3] (TesteCaseTSDAO.java:387) - Inserindo dados dos Steps
Log : 13/05/2019 17:08:49,021 -  INFO [SwingWorker-pool-2-thread-3] (TesteCaseTSDAO.java:387) - Inserindo dados dos Steps
Log : 13/05/2019 17:08:49,037 -  INFO [SwingWorker-pool-2-thread-3] (TesteCaseTSDAO.java:420) - Dados inseridos na planilha
Log : 13/05/2019 17:08:49,037 -  INFO [SwingWorker-pool-2-thread-3] (TesteCaseTSDAO.java:346) - Inserindo dados dos TCs
Log : 13/05/2019 17:08:49,037 -  INFO [SwingWorker-pool-2-thread-3] (TesteCaseTSDAO.java:387) - Inserindo dados dos Steps
Log : 13/05/2019 17:08:49,037 -  INFO [SwingWorker-pool-2-thread-3] (TesteCaseTSDAO.java:387) - Inserindo dados dos Steps
Log : 13/05/2019 17:08:49,037 -  INFO [SwingWorker-pool-2-thread-3] (TesteCaseTSDAO.java:387) - Inserindo dados dos Steps
Log : 13/05/2019 17:08:49,037 -  INFO [SwingWorker-pool-2-thread-3] (TesteCaseTSDAO.java:420) - Dados inseridos na planilha
Log : 13/05/2019 17:08:49,037 -  INFO [SwingWorker-pool-2-thread-3] (TesteCaseTSDAO.java:346) - Inserindo dados dos TCs
Log : 13/05/2019 17:08:49,100 -  INFO [SwingWorker-pool-2-thread-3] (TesteCaseTSDAO.java:387) - Inserindo dados dos Steps
Log : 13/05/2019 17:08:49,100 -  INFO [SwingWorker-pool-2-thread-3] (TesteCaseTSDAO.java:387) - Inserindo dados dos Steps
Log : 13/05/2019 17:08:49,100 -  INFO [SwingWorker-pool-2-thread-3] (TesteCaseTSDAO.java:387) - Inserindo dados dos Steps
Log : 13/05/2019 17:08:49,100 -  INFO [SwingWorker-pool-2-thread-3] (TesteCaseTSDAO.java:420) - Dados inseridos na planilha
Log : 13/05/2019 17:08:49,100 -  INFO [SwingWorker-pool-2-thread-3] (TesteCaseTSDAO.java:346) - Inserindo dados dos TCs
Log : 13/05/2019 17:08:49,115 -  INFO [SwingWorker-pool-2-thread-3] (TesteCaseTSDAO.java:387) - Inserindo dados dos Steps
Log : 13/05/2019 17:08:49,115 -  INFO [SwingWorker-pool-2-thread-3] (TesteCaseTSDAO.java:387) - Inserindo dados dos Steps
Log : 13/05/2019 17:08:49,115 -  INFO [SwingWorker-pool-2-thread-3] (TesteCaseTSDAO.java:387) - Inserindo dados dos Steps
Log : 13/05/2019 17:08:49,115 -  INFO [SwingWorker-pool-2-thread-3] (TesteCaseTSDAO.java:420) - Dados inseridos na planilha
Log : 13/05/2019 17:08:49,115 -  INFO [SwingWorker-pool-2-thread-3] (TesteCaseTSDAO.java:346) - Inserindo dados dos TCs
Log : 13/05/2019 17:08:49,131 -  INFO [SwingWorker-pool-2-thread-3] (TesteCaseTSDAO.java:387) - Inserindo dados dos Steps
Log : 13/05/2019 17:08:49,131 -  INFO [SwingWorker-pool-2-thread-3] (TesteCaseTSDAO.java:387) - Inserindo dados dos Steps
Log : 13/05/2019 17:08:49,131 -  INFO [SwingWorker-pool-2-thread-3] (TesteCaseTSDAO.java:387) - Inserindo dados dos Steps
Log : 13/05/2019 17:08:49,131 -  INFO [SwingWorker-pool-2-thread-3] (TesteCaseTSDAO.java:420) - Dados inseridos na planilha
Log : 13/05/2019 17:08:49,131 -  INFO [SwingWorker-pool-2-thread-3] (TesteCaseTSDAO.java:346) - Inserindo dados dos TCs
Log : 13/05/2019 17:08:49,146 -  INFO [SwingWorker-pool-2-thread-3] (TesteCaseTSDAO.java:387) - Inserindo dados dos Steps
Log : 13/05/2019 17:08:49,146 -  INFO [SwingWorker-pool-2-thread-3] (TesteCaseTSDAO.java:387) - Inserindo dados dos Steps
Log : 13/05/2019 17:08:49,146 -  INFO [SwingWorker-pool-2-thread-3] (TesteCaseTSDAO.java:387) - Inserindo dados dos Steps
Log : 13/05/2019 17:08:49,162 -  INFO [SwingWorker-pool-2-thread-3] (TesteCaseTSDAO.java:420) - Dados inseridos na planilha
Log : 13/05/2019 17:08:49,162 -  INFO [SwingWorker-pool-2-thread-3] (TesteCaseTSDAO.java:346) - Inserindo dados dos TCs
Log : 13/05/2019 17:08:49,162 -  INFO [SwingWorker-pool-2-thread-3] (TesteCaseTSDAO.java:387) - Inserindo dados dos Steps
Log : 13/05/2019 17:08:49,162 -  INFO [SwingWorker-pool-2-thread-3] (TesteCaseTSDAO.java:387) - Inserindo dados dos Steps
Log : 13/05/2019 17:08:49,162 -  INFO [SwingWorker-pool-2-thread-3] (TesteCaseTSDAO.java:387) - Inserindo dados dos Steps
Log : 13/05/2019 17:08:49,162 -  INFO [SwingWorker-pool-2-thread-3] (TesteCaseTSDAO.java:420) - Dados inseridos na planilha
Log : 13/05/2019 17:08:49,162 -  INFO [SwingWorker-pool-2-thread-3] (TesteCaseTSDAO.java:346) - Inserindo dados dos TCs
Log : 13/05/2019 17:08:49,178 -  INFO [SwingWorker-pool-2-thread-3] (TesteCaseTSDAO.java:387) - Inserindo dados dos Steps
Log : 13/05/2019 17:08:49,178 -  INFO [SwingWorker-pool-2-thread-3] (TesteCaseTSDAO.java:387) - Inserindo dados dos Steps
Log : 13/05/2019 17:08:49,178 -  INFO [SwingWorker-pool-2-thread-3] (TesteCaseTSDAO.java:387) - Inserindo dados dos Steps
Log : 13/05/2019 17:08:49,178 -  INFO [SwingWorker-pool-2-thread-3] (TesteCaseTSDAO.java:420) - Dados inseridos na planilha
Log : 13/05/2019 17:08:49,178 -  INFO [SwingWorker-pool-2-thread-3] (TesteCaseTSDAO.java:346) - Inserindo dados dos TCs
Log : 13/05/2019 17:08:49,178 -  INFO [SwingWorker-pool-2-thread-3] (TesteCaseTSDAO.java:387) - Inserindo dados dos Steps
Log : 13/05/2019 17:08:49,178 -  INFO [SwingWorker-pool-2-thread-3] (TesteCaseTSDAO.java:387) - Inserindo dados dos Steps
Log : 13/05/2019 17:08:49,193 -  INFO [SwingWorker-pool-2-thread-3] (TesteCaseTSDAO.java:387) - Inserindo dados dos Steps
Log : 13/05/2019 17:08:49,193 -  INFO [SwingWorker-pool-2-thread-3] (TesteCaseTSDAO.java:420) - Dados inseridos na planilha
Log : 13/05/2019 17:08:49,193 -  INFO [SwingWorker-pool-2-thread-3] (TesteCaseTSDAO.java:346) - Inserindo dados dos TCs
Log : 13/05/2019 17:08:49,209 -  INFO [SwingWorker-pool-2-thread-3] (TesteCaseTSDAO.java:387) - Inserindo dados dos Steps
Log : 13/05/2019 17:08:49,209 -  INFO [SwingWorker-pool-2-thread-3] (TesteCaseTSDAO.java:387) - Inserindo dados dos Steps
Log : 13/05/2019 17:08:49,209 -  INFO [SwingWorker-pool-2-thread-3] (TesteCaseTSDAO.java:387) - Inserindo dados dos Steps
Log : 13/05/2019 17:08:49,225 -  INFO [SwingWorker-pool-2-thread-3] (TesteCaseTSDAO.java:420) - Dados inseridos na planilha
Log : 13/05/2019 17:08:49,818 -  INFO [SwingWorker-pool-2-thread-3] (TesteCaseTSDAO.java:346) - Inserindo dados dos TCs
Log : 13/05/2019 17:08:49,865 -  INFO [SwingWorker-pool-2-thread-3] (TesteCaseTSDAO.java:387) - Inserindo dados dos Steps
Log : 13/05/2019 17:08:49,881 -  INFO [SwingWorker-pool-2-thread-3] (TesteCaseTSDAO.java:387) - Inserindo dados dos Steps
Log : 13/05/2019 17:08:49,881 -  INFO [SwingWorker-pool-2-thread-3] (TesteCaseTSDAO.java:387) - Inserindo dados dos Steps
Log : 13/05/2019 17:08:49,881 -  INFO [SwingWorker-pool-2-thread-3] (TesteCaseTSDAO.java:420) - Dados inseridos na planilha
Log : 13/05/2019 17:08:49,881 -  INFO [SwingWorker-pool-2-thread-3] (TesteCaseTSDAO.java:346) - Inserindo dados dos TCs
Log : 13/05/2019 17:08:49,896 -  INFO [SwingWorker-pool-2-thread-3] (TesteCaseTSDAO.java:387) - Inserindo dados dos Steps
Log : 13/05/2019 17:08:49,896 -  INFO [SwingWorker-pool-2-thread-3] (TesteCaseTSDAO.java:387) - Inserindo dados dos Steps
Log : 13/05/2019 17:08:49,896 -  INFO [SwingWorker-pool-2-thread-3] (TesteCaseTSDAO.java:387) - Inserindo dados dos Steps
Log : 13/05/2019 17:08:49,896 -  INFO [SwingWorker-pool-2-thread-3] (TesteCaseTSDAO.java:420) - Dados inseridos na planilha
Log : 13/05/2019 17:08:49,896 -  INFO [SwingWorker-pool-2-thread-3] (TesteCaseTSDAO.java:346) - Inserindo dados dos TCs
Log : 13/05/2019 17:08:49,896 -  INFO [SwingWorker-pool-2-thread-3] (TesteCaseTSDAO.java:387) - Inserindo dados dos Steps
Log : 13/05/2019 17:08:49,896 -  INFO [SwingWorker-pool-2-thread-3] (TesteCaseTSDAO.java:387) - Inserindo dados dos Steps
Log : 13/05/2019 17:08:49,896 -  INFO [SwingWorker-pool-2-thread-3] (TesteCaseTSDAO.java:387) - Inserindo dados dos Steps
Log : 13/05/2019 17:08:49,896 -  INFO [SwingWorker-pool-2-thread-3] (TesteCaseTSDAO.java:420) - Dados inseridos na planilha
Log : 13/05/2019 17:08:49,896 -  INFO [SwingWorker-pool-2-thread-3] (TesteCaseTSDAO.java:346) - Inserindo dados dos TCs
Log : 13/05/2019 17:08:49,912 -  INFO [SwingWorker-pool-2-thread-3] (TesteCaseTSDAO.java:387) - Inserindo dados dos Steps
Log : 13/05/2019 17:08:49,912 -  INFO [SwingWorker-pool-2-thread-3] (TesteCaseTSDAO.java:387) - Inserindo dados dos Steps
Log : 13/05/2019 17:08:49,912 -  INFO [SwingWorker-pool-2-thread-3] (TesteCaseTSDAO.java:387) - Inserindo dados dos Steps
Log : 13/05/2019 17:08:49,928 -  INFO [SwingWorker-pool-2-thread-3] (TesteCaseTSDAO.java:387) - Inserindo dados dos Steps
Log : 13/05/2019 17:08:49,928 -  INFO [SwingWorker-pool-2-thread-3] (TesteCaseTSDAO.java:387) - Inserindo dados dos Steps
Log : 13/05/2019 17:08:49,928 -  INFO [SwingWorker-pool-2-thread-3] (TesteCaseTSDAO.java:387) - Inserindo dados dos Steps
Log : 13/05/2019 17:08:49,928 -  INFO [SwingWorker-pool-2-thread-3] (TesteCaseTSDAO.java:387) - Inserindo dados dos Steps
Log : 13/05/2019 17:08:49,928 -  INFO [SwingWorker-pool-2-thread-3] (TesteCaseTSDAO.java:387) - Inserindo dados dos Steps
Log : 13/05/2019 17:08:49,928 -  INFO [SwingWorker-pool-2-thread-3] (TesteCaseTSDAO.java:387) - Inserindo dados dos Steps
Log : 13/05/2019 17:08:49,928 -  INFO [SwingWorker-pool-2-thread-3] (TesteCaseTSDAO.java:387) - Inserindo dados dos Steps
Log : 13/05/2019 17:08:49,928 -  INFO [SwingWorker-pool-2-thread-3] (TesteCaseTSDAO.java:387) - Inserindo dados dos Steps
Log : 13/05/2019 17:08:49,943 -  INFO [SwingWorker-pool-2-thread-3] (TesteCaseTSDAO.java:420) - Dados inseridos na planilha
Log : 13/05/2019 17:08:49,943 -  INFO [SwingWorker-pool-2-thread-3] (TesteCaseTSDAO.java:346) - Inserindo dados dos TCs
Log : 13/05/2019 17:08:49,959 -  INFO [SwingWorker-pool-2-thread-3] (TesteCaseTSDAO.java:387) - Inserindo dados dos Steps
Log : 13/05/2019 17:08:49,959 -  INFO [SwingWorker-pool-2-thread-3] (TesteCaseTSDAO.java:387) - Inserindo dados dos Steps
Log : 13/05/2019 17:08:49,959 -  INFO [SwingWorker-pool-2-thread-3] (TesteCaseTSDAO.java:387) - Inserindo dados dos Steps
Log : 13/05/2019 17:08:49,959 -  INFO [SwingWorker-pool-2-thread-3] (TesteCaseTSDAO.java:387) - Inserindo dados dos Steps
Log : 13/05/2019 17:08:49,959 -  INFO [SwingWorker-pool-2-thread-3] (TesteCaseTSDAO.java:387) - Inserindo dados dos Steps
Log : 13/05/2019 17:08:49,959 -  INFO [SwingWorker-pool-2-thread-3] (TesteCaseTSDAO.java:387) - Inserindo dados dos Steps
Log : 13/05/2019 17:08:49,975 -  INFO [SwingWorker-pool-2-thread-3] (TesteCaseTSDAO.java:387) - Inserindo dados dos Steps
Log : 13/05/2019 17:08:49,975 -  INFO [SwingWorker-pool-2-thread-3] (TesteCaseTSDAO.java:387) - Inserindo dados dos Steps
Log : 13/05/2019 17:08:49,975 -  INFO [SwingWorker-pool-2-thread-3] (TesteCaseTSDAO.java:387) - Inserindo dados dos Steps
Log : 13/05/2019 17:08:49,975 -  INFO [SwingWorker-pool-2-thread-3] (TesteCaseTSDAO.java:387) - Inserindo dados dos Steps
Log : 13/05/2019 17:08:49,975 -  INFO [SwingWorker-pool-2-thread-3] (TesteCaseTSDAO.java:387) - Inserindo dados dos Steps
Log : 13/05/2019 17:08:49,975 -  INFO [SwingWorker-pool-2-thread-3] (TesteCaseTSDAO.java:420) - Dados inseridos na planilha
Log : 13/05/2019 17:08:49,975 -  INFO [SwingWorker-pool-2-thread-3] (TesteCaseTSDAO.java:346) - Inserindo dados dos TCs
Log : 13/05/2019 17:08:49,990 -  INFO [SwingWorker-pool-2-thread-3] (TesteCaseTSDAO.java:387) - Inserindo dados dos Steps
Log : 13/05/2019 17:08:49,990 -  INFO [SwingWorker-pool-2-thread-3] (TesteCaseTSDAO.java:387) - Inserindo dados dos Steps
Log : 13/05/2019 17:08:50,006 -  INFO [SwingWorker-pool-2-thread-3] (TesteCaseTSDAO.java:387) - Inserindo dados dos Steps
Log : 13/05/2019 17:08:50,006 -  INFO [SwingWorker-pool-2-thread-3] (TesteCaseTSDAO.java:387) - Inserindo dados dos Steps
Log : 13/05/2019 17:08:50,006 -  INFO [SwingWorker-pool-2-thread-3] (TesteCaseTSDAO.java:387) - Inserindo dados dos Steps
Log : 13/05/2019 17:08:50,006 -  INFO [SwingWorker-pool-2-thread-3] (TesteCaseTSDAO.java:387) - Inserindo dados dos Steps
Log : 13/05/2019 17:08:50,006 -  INFO [SwingWorker-pool-2-thread-3] (TesteCaseTSDAO.java:387) - Inserindo dados dos Steps
Log : 13/05/2019 17:08:50,006 -  INFO [SwingWorker-pool-2-thread-3] (TesteCaseTSDAO.java:387) - Inserindo dados dos Steps
Log : 13/05/2019 17:08:50,006 -  INFO [SwingWorker-pool-2-thread-3] (TesteCaseTSDAO.java:387) - Inserindo dados dos Steps
Log : 13/05/2019 17:08:50,006 -  INFO [SwingWorker-pool-2-thread-3] (TesteCaseTSDAO.java:387) - Inserindo dados dos Steps
Log : 13/05/2019 17:08:50,006 -  INFO [SwingWorker-pool-2-thread-3] (TesteCaseTSDAO.java:387) - Inserindo dados dos Steps
Log : 13/05/2019 17:08:50,006 -  INFO [SwingWorker-pool-2-thread-3] (TesteCaseTSDAO.java:420) - Dados inseridos na planilha
Log : 13/05/2019 17:08:50,006 -  INFO [SwingWorker-pool-2-thread-3] (TesteCaseTSDAO.java:346) - Inserindo dados dos TCs
Log : 13/05/2019 17:08:50,006 -  INFO [SwingWorker-pool-2-thread-3] (TesteCaseTSDAO.java:387) - Inserindo dados dos Steps
Log : 13/05/2019 17:08:50,006 -  INFO [SwingWorker-pool-2-thread-3] (TesteCaseTSDAO.java:387) - Inserindo dados dos Steps
Log : 13/05/2019 17:08:50,006 -  INFO [SwingWorker-pool-2-thread-3] (TesteCaseTSDAO.java:387) - Inserindo dados dos Steps
Log : 13/05/2019 17:08:50,021 -  INFO [SwingWorker-pool-2-thread-3] (TesteCaseTSDAO.java:387) - Inserindo dados dos Steps
Log : 13/05/2019 17:08:50,021 -  INFO [SwingWorker-pool-2-thread-3] (TesteCaseTSDAO.java:387) - Inserindo dados dos Steps
Log : 13/05/2019 17:08:50,021 -  INFO [SwingWorker-pool-2-thread-3] (TesteCaseTSDAO.java:387) - Inserindo dados dos Steps
Log : 13/05/2019 17:08:50,021 -  INFO [SwingWorker-pool-2-thread-3] (TesteCaseTSDAO.java:387) - Inserindo dados dos Steps
Log : 13/05/2019 17:08:50,021 -  INFO [SwingWorker-pool-2-thread-3] (TesteCaseTSDAO.java:387) - Inserindo dados dos Steps
Log : 13/05/2019 17:08:50,021 -  INFO [SwingWorker-pool-2-thread-3] (TesteCaseTSDAO.java:387) - Inserindo dados dos Steps
Log : 13/05/2019 17:08:50,021 -  INFO [SwingWorker-pool-2-thread-3] (TesteCaseTSDAO.java:387) - Inserindo dados dos Steps
Log : 13/05/2019 17:08:50,037 -  INFO [SwingWorker-pool-2-thread-3] (TesteCaseTSDAO.java:387) - Inserindo dados dos Steps
Log : 13/05/2019 17:08:50,037 -  INFO [SwingWorker-pool-2-thread-3] (TesteCaseTSDAO.java:420) - Dados inseridos na planilha
Log : 13/05/2019 17:08:50,037 -  INFO [SwingWorker-pool-2-thread-3] (TesteCaseTSDAO.java:346) - Inserindo dados dos TCs
Log : 13/05/2019 17:08:50,068 -  INFO [SwingWorker-pool-2-thread-3] (TesteCaseTSDAO.java:387) - Inserindo dados dos Steps
Log : 13/05/2019 17:08:50,068 -  INFO [SwingWorker-pool-2-thread-3] (TesteCaseTSDAO.java:387) - Inserindo dados dos Steps
Log : 13/05/2019 17:08:50,068 -  INFO [SwingWorker-pool-2-thread-3] (TesteCaseTSDAO.java:387) - Inserindo dados dos Steps
Log : 13/05/2019 17:08:50,068 -  INFO [SwingWorker-pool-2-thread-3] (TesteCaseTSDAO.java:387) - Inserindo dados dos Steps
Log : 13/05/2019 17:08:50,068 -  INFO [SwingWorker-pool-2-thread-3] (TesteCaseTSDAO.java:387) - Inserindo dados dos Steps
Log : 13/05/2019 17:08:50,068 -  INFO [SwingWorker-pool-2-thread-3] (TesteCaseTSDAO.java:387) - Inserindo dados dos Steps
Log : 13/05/2019 17:08:50,084 -  INFO [SwingWorker-pool-2-thread-3] (TesteCaseTSDAO.java:387) - Inserindo dados dos Steps
Log : 13/05/2019 17:08:50,084 -  INFO [SwingWorker-pool-2-thread-3] (TesteCaseTSDAO.java:420) - Dados inseridos na planilha
Log : 13/05/2019 17:08:50,084 -  INFO [SwingWorker-pool-2-thread-3] (TesteCaseTSDAO.java:346) - Inserindo dados dos TCs
Log : 13/05/2019 17:08:50,084 -  INFO [SwingWorker-pool-2-thread-3] (TesteCaseTSDAO.java:387) - Inserindo dados dos Steps
Log : 13/05/2019 17:08:50,084 -  INFO [SwingWorker-pool-2-thread-3] (TesteCaseTSDAO.java:387) - Inserindo dados dos Steps
Log : 13/05/2019 17:08:50,084 -  INFO [SwingWorker-pool-2-thread-3] (TesteCaseTSDAO.java:387) - Inserindo dados dos Steps
Log : 13/05/2019 17:08:50,084 -  INFO [SwingWorker-pool-2-thread-3] (TesteCaseTSDAO.java:387) - Inserindo dados dos Steps
Log : 13/05/2019 17:08:50,084 -  INFO [SwingWorker-pool-2-thread-3] (TesteCaseTSDAO.java:387) - Inserindo dados dos Steps
Log : 13/05/2019 17:08:50,100 -  INFO [SwingWorker-pool-2-thread-3] (TesteCaseTSDAO.java:387) - Inserindo dados dos Steps
Log : 13/05/2019 17:08:50,100 -  INFO [SwingWorker-pool-2-thread-3] (TesteCaseTSDAO.java:387) - Inserindo dados dos Steps
Log : 13/05/2019 17:08:50,100 -  INFO [SwingWorker-pool-2-thread-3] (TesteCaseTSDAO.java:387) - Inserindo dados dos Steps
Log : 13/05/2019 17:08:50,100 -  INFO [SwingWorker-pool-2-thread-3] (TesteCaseTSDAO.java:387) - Inserindo dados dos Steps
Log : 13/05/2019 17:08:50,100 -  INFO [SwingWorker-pool-2-thread-3] (TesteCaseTSDAO.java:387) - Inserindo dados dos Steps
Log : 13/05/2019 17:08:50,100 -  INFO [SwingWorker-pool-2-thread-3] (TesteCaseTSDAO.java:420) - Dados inseridos na planilha
Log : 13/05/2019 17:08:50,100 -  INFO [SwingWorker-pool-2-thread-3] (TesteCaseTSDAO.java:346) - Inserindo dados dos TCs
Log : 13/05/2019 17:08:50,131 -  INFO [SwingWorker-pool-2-thread-3] (TesteCaseTSDAO.java:387) - Inserindo dados dos Steps
Log : 13/05/2019 17:08:50,146 -  INFO [SwingWorker-pool-2-thread-3] (TesteCaseTSDAO.java:387) - Inserindo dados dos Steps
Log : 13/05/2019 17:08:50,146 -  INFO [SwingWorker-pool-2-thread-3] (TesteCaseTSDAO.java:387) - Inserindo dados dos Steps
Log : 13/05/2019 17:08:50,146 -  INFO [SwingWorker-pool-2-thread-3] (TesteCaseTSDAO.java:387) - Inserindo dados dos Steps
Log : 13/05/2019 17:08:50,146 -  INFO [SwingWorker-pool-2-thread-3] (TesteCaseTSDAO.java:387) - Inserindo dados dos Steps
Log : 13/05/2019 17:08:50,146 -  INFO [SwingWorker-pool-2-thread-3] (TesteCaseTSDAO.java:387) - Inserindo dados dos Steps
Log : 13/05/2019 17:08:50,162 -  INFO [SwingWorker-pool-2-thread-3] (TesteCaseTSDAO.java:387) - Inserindo dados dos Steps
Log : 13/05/2019 17:08:50,162 -  INFO [SwingWorker-pool-2-thread-3] (TesteCaseTSDAO.java:387) - Inserindo dados dos Steps
Log : 13/05/2019 17:08:50,162 -  INFO [SwingWorker-pool-2-thread-3] (TesteCaseTSDAO.java:387) - Inserindo dados dos Steps
Log : 13/05/2019 17:08:50,162 -  INFO [SwingWorker-pool-2-thread-3] (TesteCaseTSDAO.java:387) - Inserindo dados dos Steps
Log : 13/05/2019 17:08:50,162 -  INFO [SwingWorker-pool-2-thread-3] (TesteCaseTSDAO.java:420) - Dados inseridos na planilha
Log : 13/05/2019 17:08:50,178 -  INFO [SwingWorker-pool-2-thread-3] (TesteCaseTSDAO.java:346) - Inserindo dados dos TCs
Log : 13/05/2019 17:08:50,193 -  INFO [SwingWorker-pool-2-thread-3] (TesteCaseTSDAO.java:387) - Inserindo dados dos Steps
Log : 13/05/2019 17:08:50,193 -  INFO [SwingWorker-pool-2-thread-3] (TesteCaseTSDAO.java:387) - Inserindo dados dos Steps
Log : 13/05/2019 17:08:50,193 -  INFO [SwingWorker-pool-2-thread-3] (TesteCaseTSDAO.java:387) - Inserindo dados dos Steps
Log : 13/05/2019 17:08:50,193 -  INFO [SwingWorker-pool-2-thread-3] (TesteCaseTSDAO.java:387) - Inserindo dados dos Steps
Log : 13/05/2019 17:08:50,209 -  INFO [SwingWorker-pool-2-thread-3] (TesteCaseTSDAO.java:387) - Inserindo dados dos Steps
Log : 13/05/2019 17:08:50,209 -  INFO [SwingWorker-pool-2-thread-3] (TesteCaseTSDAO.java:387) - Inserindo dados dos Steps
Log : 13/05/2019 17:08:50,209 -  INFO [SwingWorker-pool-2-thread-3] (TesteCaseTSDAO.java:387) - Inserindo dados dos Steps
Log : 13/05/2019 17:08:50,209 -  INFO [SwingWorker-pool-2-thread-3] (TesteCaseTSDAO.java:387) - Inserindo dados dos Steps
Log : 13/05/2019 17:08:50,209 -  INFO [SwingWorker-pool-2-thread-3] (TesteCaseTSDAO.java:387) - Inserindo dados dos Steps
Log : 13/05/2019 17:08:50,209 -  INFO [SwingWorker-pool-2-thread-3] (TesteCaseTSDAO.java:387) - Inserindo dados dos Steps
Log : 13/05/2019 17:08:50,209 -  INFO [SwingWorker-pool-2-thread-3] (TesteCaseTSDAO.java:387) - Inserindo dados dos Steps
Log : 13/05/2019 17:08:50,209 -  INFO [SwingWorker-pool-2-thread-3] (TesteCaseTSDAO.java:387) - Inserindo dados dos Steps
Log : 13/05/2019 17:08:50,318 -  INFO [SwingWorker-pool-2-thread-3] (TesteCaseTSDAO.java:387) - Inserindo dados dos Steps
Log : 13/05/2019 17:08:50,881 -  INFO [SwingWorker-pool-2-thread-3] (TesteCaseTSDAO.java:420) - Dados inseridos na planilha
Log : 13/05/2019 17:08:50,881 -  INFO [SwingWorker-pool-2-thread-3] (TesteCaseTSDAO.java:346) - Inserindo dados dos TCs
Log : 13/05/2019 17:08:50,881 -  INFO [SwingWorker-pool-2-thread-3] (TesteCaseTSDAO.java:387) - Inserindo dados dos Steps
Log : 13/05/2019 17:08:50,881 -  INFO [SwingWorker-pool-2-thread-3] (TesteCaseTSDAO.java:387) - Inserindo dados dos Steps
Log : 13/05/2019 17:08:50,881 -  INFO [SwingWorker-pool-2-thread-3] (TesteCaseTSDAO.java:387) - Inserindo dados dos Steps
Log : 13/05/2019 17:08:50,881 -  INFO [SwingWorker-pool-2-thread-3] (TesteCaseTSDAO.java:387) - Inserindo dados dos Steps
Log : 13/05/2019 17:08:50,990 -  INFO [SwingWorker-pool-2-thread-3] (TesteCaseTSDAO.java:387) - Inserindo dados dos Steps
Log : 13/05/2019 17:08:51,365 -  INFO [SwingWorker-pool-2-thread-3] (TesteCaseTSDAO.java:387) - Inserindo dados dos Steps
Log : 13/05/2019 17:08:51,365 -  INFO [SwingWorker-pool-2-thread-3] (TesteCaseTSDAO.java:387) - Inserindo dados dos Steps
Log : 13/05/2019 17:08:51,365 -  INFO [SwingWorker-pool-2-thread-3] (TesteCaseTSDAO.java:420) - Dados inseridos na planilha
Log : 13/05/2019 17:08:51,365 -  INFO [SwingWorker-pool-2-thread-3] (TesteCaseTSDAO.java:346) - Inserindo dados dos TCs
Log : 13/05/2019 17:08:51,381 -  INFO [SwingWorker-pool-2-thread-3] (TesteCaseTSDAO.java:387) - Inserindo dados dos Steps
Log : 13/05/2019 17:08:51,396 -  INFO [SwingWorker-pool-2-thread-3] (TesteCaseTSDAO.java:387) - Inserindo dados dos Steps
Log : 13/05/2019 17:08:51,396 -  INFO [SwingWorker-pool-2-thread-3] (TesteCaseTSDAO.java:387) - Inserindo dados dos Steps
Log : 13/05/2019 17:08:51,396 -  INFO [SwingWorker-pool-2-thread-3] (TesteCaseTSDAO.java:387) - Inserindo dados dos Steps
Log : 13/05/2019 17:08:51,396 -  INFO [SwingWorker-pool-2-thread-3] (TesteCaseTSDAO.java:387) - Inserindo dados dos Steps
Log : 13/05/2019 17:08:51,396 -  INFO [SwingWorker-pool-2-thread-3] (TesteCaseTSDAO.java:387) - Inserindo dados dos Steps
Log : 13/05/2019 17:08:51,396 -  INFO [SwingWorker-pool-2-thread-3] (TesteCaseTSDAO.java:387) - Inserindo dados dos Steps
Log : 13/05/2019 17:08:51,396 -  INFO [SwingWorker-pool-2-thread-3] (TesteCaseTSDAO.java:387) - Inserindo dados dos Steps
Log : 13/05/2019 17:08:51,396 -  INFO [SwingWorker-pool-2-thread-3] (TesteCaseTSDAO.java:387) - Inserindo dados dos Steps
Log : 13/05/2019 17:08:51,396 -  INFO [SwingWorker-pool-2-thread-3] (TesteCaseTSDAO.java:387) - Inserindo dados dos Steps
Log : 13/05/2019 17:08:51,396 -  INFO [SwingWorker-pool-2-thread-3] (TesteCaseTSDAO.java:387) - Inserindo dados dos Steps
Log : 13/05/2019 17:08:51,396 -  INFO [SwingWorker-pool-2-thread-3] (TesteCaseTSDAO.java:420) - Dados inseridos na planilha
Log : 13/05/2019 17:08:51,396 -  INFO [SwingWorker-pool-2-thread-3] (TesteCaseTSDAO.java:346) - Inserindo dados dos TCs
Log : 13/05/2019 17:08:51,443 -  INFO [SwingWorker-pool-2-thread-3] (TesteCaseTSDAO.java:387) - Inserindo dados dos Steps
Log : 13/05/2019 17:08:51,443 -  INFO [SwingWorker-pool-2-thread-3] (TesteCaseTSDAO.java:387) - Inserindo dados dos Steps
Log : 13/05/2019 17:08:51,443 -  INFO [SwingWorker-pool-2-thread-3] (TesteCaseTSDAO.java:387) - Inserindo dados dos Steps
Log : 13/05/2019 17:08:51,443 -  INFO [SwingWorker-pool-2-thread-3] (TesteCaseTSDAO.java:387) - Inserindo dados dos Steps
Log : 13/05/2019 17:08:51,459 -  INFO [SwingWorker-pool-2-thread-3] (TesteCaseTSDAO.java:387) - Inserindo dados dos Steps
Log : 13/05/2019 17:08:51,459 -  INFO [SwingWorker-pool-2-thread-3] (TesteCaseTSDAO.java:387) - Inserindo dados dos Steps
Log : 13/05/2019 17:08:51,459 -  INFO [SwingWorker-pool-2-thread-3] (TesteCaseTSDAO.java:387) - Inserindo dados dos Steps
Log : 13/05/2019 17:08:51,459 -  INFO [SwingWorker-pool-2-thread-3] (TesteCaseTSDAO.java:387) - Inserindo dados dos Steps
Log : 13/05/2019 17:08:51,459 -  INFO [SwingWorker-pool-2-thread-3] (TesteCaseTSDAO.java:387) - Inserindo dados dos Steps
Log : 13/05/2019 17:08:51,459 -  INFO [SwingWorker-pool-2-thread-3] (TesteCaseTSDAO.java:387) - Inserindo dados dos Steps
Log : 13/05/2019 17:08:51,459 -  INFO [SwingWorker-pool-2-thread-3] (TesteCaseTSDAO.java:387) - Inserindo dados dos Steps
Log : 13/05/2019 17:08:51,459 -  INFO [SwingWorker-pool-2-thread-3] (TesteCaseTSDAO.java:387) - Inserindo dados dos Steps
Log : 13/05/2019 17:08:51,475 -  INFO [SwingWorker-pool-2-thread-3] (TesteCaseTSDAO.java:387) - Inserindo dados dos Steps
Log : 13/05/2019 17:08:51,475 -  INFO [SwingWorker-pool-2-thread-3] (TesteCaseTSDAO.java:387) - Inserindo dados dos Steps
Log : 13/05/2019 17:08:51,475 -  INFO [SwingWorker-pool-2-thread-3] (TesteCaseTSDAO.java:387) - Inserindo dados dos Steps
Log : 13/05/2019 17:08:51,490 -  INFO [SwingWorker-pool-2-thread-3] (TesteCaseTSDAO.java:387) - Inserindo dados dos Steps
Log : 13/05/2019 17:08:51,490 -  INFO [SwingWorker-pool-2-thread-3] (TesteCaseTSDAO.java:420) - Dados inseridos na planilha
Log : 13/05/2019 17:08:51,490 -  INFO [SwingWorker-pool-2-thread-3] (TesteCaseTSDAO.java:346) - Inserindo dados dos TCs
Log : 13/05/2019 17:08:51,584 -  INFO [SwingWorker-pool-2-thread-3] (TesteCaseTSDAO.java:387) - Inserindo dados dos Steps
Log : 13/05/2019 17:08:51,600 -  INFO [SwingWorker-pool-2-thread-3] (TesteCaseTSDAO.java:387) - Inserindo dados dos Steps
Log : 13/05/2019 17:08:51,600 -  INFO [SwingWorker-pool-2-thread-3] (TesteCaseTSDAO.java:387) - Inserindo dados dos Steps
Log : 13/05/2019 17:08:51,615 -  INFO [SwingWorker-pool-2-thread-3] (TesteCaseTSDAO.java:387) - Inserindo dados dos Steps
Log : 13/05/2019 17:08:51,615 -  INFO [SwingWorker-pool-2-thread-3] (TesteCaseTSDAO.java:387) - Inserindo dados dos Steps
Log : 13/05/2019 17:08:51,615 -  INFO [SwingWorker-pool-2-thread-3] (TesteCaseTSDAO.java:387) - Inserindo dados dos Steps
Log : 13/05/2019 17:08:51,615 -  INFO [SwingWorker-pool-2-thread-3] (TesteCaseTSDAO.java:387) - Inserindo dados dos Steps
Log : 13/05/2019 17:08:51,615 -  INFO [SwingWorker-pool-2-thread-3] (TesteCaseTSDAO.java:387) - Inserindo dados dos Steps
Log : 13/05/2019 17:08:51,615 -  INFO [SwingWorker-pool-2-thread-3] (TesteCaseTSDAO.java:387) - Inserindo dados dos Steps
Log : 13/05/2019 17:08:51,615 -  INFO [SwingWorker-pool-2-thread-3] (TesteCaseTSDAO.java:387) - Inserindo dados dos Steps
Log : 13/05/2019 17:08:51,615 -  INFO [SwingWorker-pool-2-thread-3] (TesteCaseTSDAO.java:387) - Inserindo dados dos Steps
Log : 13/05/2019 17:08:51,615 -  INFO [SwingWorker-pool-2-thread-3] (TesteCaseTSDAO.java:387) - Inserindo dados dos Steps
Log : 13/05/2019 17:08:51,615 -  INFO [SwingWorker-pool-2-thread-3] (TesteCaseTSDAO.java:387) - Inserindo dados dos Steps
Log : 13/05/2019 17:08:51,631 -  INFO [SwingWorker-pool-2-thread-3] (TesteCaseTSDAO.java:387) - Inserindo dados dos Steps
Log : 13/05/2019 17:08:51,631 -  INFO [SwingWorker-pool-2-thread-3] (TesteCaseTSDAO.java:387) - Inserindo dados dos Steps
Log : 13/05/2019 17:08:51,631 -  INFO [SwingWorker-pool-2-thread-3] (TesteCaseTSDAO.java:387) - Inserindo dados dos Steps
Log : 13/05/2019 17:08:51,631 -  INFO [SwingWorker-pool-2-thread-3] (TesteCaseTSDAO.java:387) - Inserindo dados dos Steps
Log : 13/05/2019 17:08:51,631 -  INFO [SwingWorker-pool-2-thread-3] (TesteCaseTSDAO.java:387) - Inserindo dados dos Steps
Log : 13/05/2019 17:08:51,631 -  INFO [SwingWorker-pool-2-thread-3] (TesteCaseTSDAO.java:387) - Inserindo dados dos Steps
Log : 13/05/2019 17:08:51,646 -  INFO [SwingWorker-pool-2-thread-3] (TesteCaseTSDAO.java:387) - Inserindo dados dos Steps
Log : 13/05/2019 17:08:51,646 -  INFO [SwingWorker-pool-2-thread-3] (TesteCaseTSDAO.java:387) - Inserindo dados dos Steps
Log : 13/05/2019 17:08:51,646 -  INFO [SwingWorker-pool-2-thread-3] (TesteCaseTSDAO.java:387) - Inserindo dados dos Steps
Log : 13/05/2019 17:08:51,646 -  INFO [SwingWorker-pool-2-thread-3] (TesteCaseTSDAO.java:387) - Inserindo dados dos Steps
Log : 13/05/2019 17:08:51,725 -  INFO [SwingWorker-pool-2-thread-3] (TesteCaseTSDAO.java:387) - Inserindo dados dos Steps
Log : 13/05/2019 17:08:51,725 -  INFO [SwingWorker-pool-2-thread-3] (TesteCaseTSDAO.java:420) - Dados inseridos na planilha
Log : 13/05/2019 17:08:51,725 -  INFO [SwingWorker-pool-2-thread-3] (TesteCaseTSDAO.java:346) - Inserindo dados dos TCs
Log : 13/05/2019 17:08:51,818 -  INFO [SwingWorker-pool-2-thread-3] (TesteCaseTSDAO.java:387) - Inserindo dados dos Steps
Log : 13/05/2019 17:08:51,818 -  INFO [SwingWorker-pool-2-thread-3] (TesteCaseTSDAO.java:387) - Inserindo dados dos Steps
Log : 13/05/2019 17:08:51,818 -  INFO [SwingWorker-pool-2-thread-3] (TesteCaseTSDAO.java:387) - Inserindo dados dos Steps
Log : 13/05/2019 17:08:51,818 -  INFO [SwingWorker-pool-2-thread-3] (TesteCaseTSDAO.java:387) - Inserindo dados dos Steps
Log : 13/05/2019 17:08:51,818 -  INFO [SwingWorker-pool-2-thread-3] (TesteCaseTSDAO.java:387) - Inserindo dados dos Steps
Log : 13/05/2019 17:08:51,818 -  INFO [SwingWorker-pool-2-thread-3] (TesteCaseTSDAO.java:387) - Inserindo dados dos Steps
Log : 13/05/2019 17:08:51,818 -  INFO [SwingWorker-pool-2-thread-3] (TesteCaseTSDAO.java:387) - Inserindo dados dos Steps
Log : 13/05/2019 17:08:51,834 -  INFO [SwingWorker-pool-2-thread-3] (TesteCaseTSDAO.java:420) - Dados inseridos na planilha
Log : 13/05/2019 17:08:51,834 -  INFO [SwingWorker-pool-2-thread-3] (TesteCaseTSDAO.java:346) - Inserindo dados dos TCs
Log : 13/05/2019 17:08:51,834 -  INFO [SwingWorker-pool-2-thread-3] (TesteCaseTSDAO.java:387) - Inserindo dados dos Steps
Log : 13/05/2019 17:08:51,834 -  INFO [SwingWorker-pool-2-thread-3] (TesteCaseTSDAO.java:387) - Inserindo dados dos Steps
Log : 13/05/2019 17:08:51,834 -  INFO [SwingWorker-pool-2-thread-3] (TesteCaseTSDAO.java:387) - Inserindo dados dos Steps
Log : 13/05/2019 17:08:51,834 -  INFO [SwingWorker-pool-2-thread-3] (TesteCaseTSDAO.java:387) - Inserindo dados dos Steps
Log : 13/05/2019 17:08:51,834 -  INFO [SwingWorker-pool-2-thread-3] (TesteCaseTSDAO.java:387) - Inserindo dados dos Steps
Log : 13/05/2019 17:08:51,834 -  INFO [SwingWorker-pool-2-thread-3] (TesteCaseTSDAO.java:387) - Inserindo dados dos Steps
Log : 13/05/2019 17:08:51,834 -  INFO [SwingWorker-pool-2-thread-3] (TesteCaseTSDAO.java:387) - Inserindo dados dos Steps
Log : 13/05/2019 17:08:51,834 -  INFO [SwingWorker-pool-2-thread-3] (TesteCaseTSDAO.java:387) - Inserindo dados dos Steps
Log : 13/05/2019 17:08:51,850 -  INFO [SwingWorker-pool-2-thread-3] (TesteCaseTSDAO.java:387) - Inserindo dados dos Steps
Log : 13/05/2019 17:08:51,850 -  INFO [SwingWorker-pool-2-thread-3] (TesteCaseTSDAO.java:387) - Inserindo dados dos Steps
Log : 13/05/2019 17:08:51,850 -  INFO [SwingWorker-pool-2-thread-3] (TesteCaseTSDAO.java:387) - Inserindo dados dos Steps
Log : 13/05/2019 17:08:51,850 -  INFO [SwingWorker-pool-2-thread-3] (TesteCaseTSDAO.java:420) - Dados inseridos na planilha
Log : 13/05/2019 17:08:51,850 -  INFO [SwingWorker-pool-2-thread-3] (TesteCaseTSDAO.java:346) - Inserindo dados dos TCs
Log : 13/05/2019 17:08:51,850 -  INFO [SwingWorker-pool-2-thread-3] (TesteCaseTSDAO.java:387) - Inserindo dados dos Steps
Log : 13/05/2019 17:08:51,850 -  INFO [SwingWorker-pool-2-thread-3] (TesteCaseTSDAO.java:387) - Inserindo dados dos Steps
Log : 13/05/2019 17:08:51,850 -  INFO [SwingWorker-pool-2-thread-3] (TesteCaseTSDAO.java:387) - Inserindo dados dos Steps
Log : 13/05/2019 17:08:51,850 -  INFO [SwingWorker-pool-2-thread-3] (TesteCaseTSDAO.java:387) - Inserindo dados dos Steps
Log : 13/05/2019 17:08:51,850 -  INFO [SwingWorker-pool-2-thread-3] (TesteCaseTSDAO.java:387) - Inserindo dados dos Steps
Log : 13/05/2019 17:08:51,850 -  INFO [SwingWorker-pool-2-thread-3] (TesteCaseTSDAO.java:387) - Inserindo dados dos Steps
Log : 13/05/2019 17:08:51,850 -  INFO [SwingWorker-pool-2-thread-3] (TesteCaseTSDAO.java:387) - Inserindo dados dos Steps
Log : 13/05/2019 17:08:51,865 -  INFO [SwingWorker-pool-2-thread-3] (TesteCaseTSDAO.java:387) - Inserindo dados dos Steps
Log : 13/05/2019 17:08:51,865 -  INFO [SwingWorker-pool-2-thread-3] (TesteCaseTSDAO.java:387) - Inserindo dados dos Steps
Log : 13/05/2019 17:08:51,865 -  INFO [SwingWorker-pool-2-thread-3] (TesteCaseTSDAO.java:387) - Inserindo dados dos Steps
Log : 13/05/2019 17:08:51,881 -  INFO [SwingWorker-pool-2-thread-3] (TesteCaseTSDAO.java:387) - Inserindo dados dos Steps
Log : 13/05/2019 17:08:51,881 -  INFO [SwingWorker-pool-2-thread-3] (TesteCaseTSDAO.java:387) - Inserindo dados dos Steps
Log : 13/05/2019 17:08:51,881 -  INFO [SwingWorker-pool-2-thread-3] (TesteCaseTSDAO.java:387) - Inserindo dados dos Steps
Log : 13/05/2019 17:08:51,881 -  INFO [SwingWorker-pool-2-thread-3] (TesteCaseTSDAO.java:420) - Dados inseridos na planilha
Log : 13/05/2019 17:08:51,896 -  INFO [SwingWorker-pool-2-thread-3] (TesteCaseTSDAO.java:346) - Inserindo dados dos TCs
Log : 13/05/2019 17:08:51,912 -  INFO [SwingWorker-pool-2-thread-3] (TesteCaseTSDAO.java:387) - Inserindo dados dos Steps
Log : 13/05/2019 17:08:51,912 -  INFO [SwingWorker-pool-2-thread-3] (TesteCaseTSDAO.java:387) - Inserindo dados dos Steps
Log : 13/05/2019 17:08:51,912 -  INFO [SwingWorker-pool-2-thread-3] (TesteCaseTSDAO.java:387) - Inserindo dados dos Steps
Log : 13/05/2019 17:08:51,912 -  INFO [SwingWorker-pool-2-thread-3] (TesteCaseTSDAO.java:387) - Inserindo dados dos Steps
Log : 13/05/2019 17:08:51,928 -  INFO [SwingWorker-pool-2-thread-3] (TesteCaseTSDAO.java:387) - Inserindo dados dos Steps
Log : 13/05/2019 17:08:51,928 -  INFO [SwingWorker-pool-2-thread-3] (TesteCaseTSDAO.java:387) - Inserindo dados dos Steps
Log : 13/05/2019 17:08:51,928 -  INFO [SwingWorker-pool-2-thread-3] (TesteCaseTSDAO.java:387) - Inserindo dados dos Steps
Log : 13/05/2019 17:08:51,928 -  INFO [SwingWorker-pool-2-thread-3] (TesteCaseTSDAO.java:387) - Inserindo dados dos Steps
Log : 13/05/2019 17:08:51,928 -  INFO [SwingWorker-pool-2-thread-3] (TesteCaseTSDAO.java:387) - Inserindo dados dos Steps
Log : 13/05/2019 17:08:51,928 -  INFO [SwingWorker-pool-2-thread-3] (TesteCaseTSDAO.java:387) - Inserindo dados dos Steps
Log : 13/05/2019 17:08:51,943 -  INFO [SwingWorker-pool-2-thread-3] (TesteCaseTSDAO.java:387) - Inserindo dados dos Steps
Log : 13/05/2019 17:08:51,943 -  INFO [SwingWorker-pool-2-thread-3] (TesteCaseTSDAO.java:387) - Inserindo dados dos Steps
Log : 13/05/2019 17:08:51,943 -  INFO [SwingWorker-pool-2-thread-3] (TesteCaseTSDAO.java:387) - Inserindo dados dos Steps
Log : 13/05/2019 17:08:51,943 -  INFO [SwingWorker-pool-2-thread-3] (TesteCaseTSDAO.java:387) - Inserindo dados dos Steps
Log : 13/05/2019 17:08:51,943 -  INFO [SwingWorker-pool-2-thread-3] (TesteCaseTSDAO.java:387) - Inserindo dados dos Steps
Log : 13/05/2019 17:08:51,943 -  INFO [SwingWorker-pool-2-thread-3] (TesteCaseTSDAO.java:387) - Inserindo dados dos Steps
Log : 13/05/2019 17:08:51,943 -  INFO [SwingWorker-pool-2-thread-3] (TesteCaseTSDAO.java:387) - Inserindo dados dos Steps
Log : 13/05/2019 17:08:51,943 -  INFO [SwingWorker-pool-2-thread-3] (TesteCaseTSDAO.java:387) - Inserindo dados dos Steps
Log : 13/05/2019 17:08:51,943 -  INFO [SwingWorker-pool-2-thread-3] (TesteCaseTSDAO.java:387) - Inserindo dados dos Steps
Log : 13/05/2019 17:08:51,943 -  INFO [SwingWorker-pool-2-thread-3] (TesteCaseTSDAO.java:387) - Inserindo dados dos Steps
Log : 13/05/2019 17:08:51,943 -  INFO [SwingWorker-pool-2-thread-3] (TesteCaseTSDAO.java:420) - Dados inseridos na planilha
Log : 13/05/2019 17:08:51,943 -  INFO [SwingWorker-pool-2-thread-3] (TesteCaseTSDAO.java:346) - Inserindo dados dos TCs
Log : 13/05/2019 17:08:51,943 -  INFO [SwingWorker-pool-2-thread-3] (TesteCaseTSDAO.java:387) - Inserindo dados dos Steps
Log : 13/05/2019 17:08:51,943 -  INFO [SwingWorker-pool-2-thread-3] (TesteCaseTSDAO.java:387) - Inserindo dados dos Steps
Log : 13/05/2019 17:08:51,943 -  INFO [SwingWorker-pool-2-thread-3] (TesteCaseTSDAO.java:387) - Inserindo dados dos Steps
Log : 13/05/2019 17:08:51,959 -  INFO [SwingWorker-pool-2-thread-3] (TesteCaseTSDAO.java:387) - Inserindo dados dos Steps
Log : 13/05/2019 17:08:51,959 -  INFO [SwingWorker-pool-2-thread-3] (TesteCaseTSDAO.java:387) - Inserindo dados dos Steps
Log : 13/05/2019 17:08:51,959 -  INFO [SwingWorker-pool-2-thread-3] (TesteCaseTSDAO.java:387) - Inserindo dados dos Steps
Log : 13/05/2019 17:08:51,959 -  INFO [SwingWorker-pool-2-thread-3] (TesteCaseTSDAO.java:387) - Inserindo dados dos Steps
Log : 13/05/2019 17:08:51,959 -  INFO [SwingWorker-pool-2-thread-3] (TesteCaseTSDAO.java:420) - Dados inseridos na planilha
Log : 13/05/2019 17:08:51,959 -  INFO [SwingWorker-pool-2-thread-3] (TesteCaseTSDAO.java:346) - Inserindo dados dos TCs
Log : 13/05/2019 17:08:51,959 -  INFO [SwingWorker-pool-2-thread-3] (TesteCaseTSDAO.java:387) - Inserindo dados dos Steps
Log : 13/05/2019 17:08:51,959 -  INFO [SwingWorker-pool-2-thread-3] (TesteCaseTSDAO.java:387) - Inserindo dados dos Steps
Log : 13/05/2019 17:08:51,959 -  INFO [SwingWorker-pool-2-thread-3] (TesteCaseTSDAO.java:387) - Inserindo dados dos Steps
Log : 13/05/2019 17:08:51,959 -  INFO [SwingWorker-pool-2-thread-3] (TesteCaseTSDAO.java:387) - Inserindo dados dos Steps
Log : 13/05/2019 17:08:51,959 -  INFO [SwingWorker-pool-2-thread-3] (TesteCaseTSDAO.java:387) - Inserindo dados dos Steps
Log : 13/05/2019 17:08:51,975 -  INFO [SwingWorker-pool-2-thread-3] (TesteCaseTSDAO.java:387) - Inserindo dados dos Steps
Log : 13/05/2019 17:08:51,975 -  INFO [SwingWorker-pool-2-thread-3] (TesteCaseTSDAO.java:387) - Inserindo dados dos Steps
Log : 13/05/2019 17:08:51,975 -  INFO [SwingWorker-pool-2-thread-3] (TesteCaseTSDAO.java:387) - Inserindo dados dos Steps
Log : 13/05/2019 17:08:51,975 -  INFO [SwingWorker-pool-2-thread-3] (TesteCaseTSDAO.java:387) - Inserindo dados dos Steps
Log : 13/05/2019 17:08:51,975 -  INFO [SwingWorker-pool-2-thread-3] (TesteCaseTSDAO.java:387) - Inserindo dados dos Steps
Log : 13/05/2019 17:08:51,975 -  INFO [SwingWorker-pool-2-thread-3] (TesteCaseTSDAO.java:387) - Inserindo dados dos Steps
Log : 13/05/2019 17:08:51,975 -  INFO [SwingWorker-pool-2-thread-3] (TesteCaseTSDAO.java:387) - Inserindo dados dos Steps
Log : 13/05/2019 17:08:51,975 -  INFO [SwingWorker-pool-2-thread-3] (TesteCaseTSDAO.java:420) - Dados inseridos na planilha
Log : 13/05/2019 17:08:51,975 -  INFO [SwingWorker-pool-2-thread-3] (TesteCaseTSDAO.java:346) - Inserindo dados dos TCs
Log : 13/05/2019 17:08:51,975 -  INFO [SwingWorker-pool-2-thread-3] (TesteCaseTSDAO.java:387) - Inserindo dados dos Steps
Log : 13/05/2019 17:08:51,990 -  INFO [SwingWorker-pool-2-thread-3] (TesteCaseTSDAO.java:387) - Inserindo dados dos Steps
Log : 13/05/2019 17:08:51,990 -  INFO [SwingWorker-pool-2-thread-3] (TesteCaseTSDAO.java:387) - Inserindo dados dos Steps
Log : 13/05/2019 17:08:51,990 -  INFO [SwingWorker-pool-2-thread-3] (TesteCaseTSDAO.java:387) - Inserindo dados dos Steps
Log : 13/05/2019 17:08:51,990 -  INFO [SwingWorker-pool-2-thread-3] (TesteCaseTSDAO.java:387) - Inserindo dados dos Steps
Log : 13/05/2019 17:08:51,990 -  INFO [SwingWorker-pool-2-thread-3] (TesteCaseTSDAO.java:387) - Inserindo dados dos Steps
Log : 13/05/2019 17:08:51,990 -  INFO [SwingWorker-pool-2-thread-3] (TesteCaseTSDAO.java:387) - Inserindo dados dos Steps
Log : 13/05/2019 17:08:51,990 -  INFO [SwingWorker-pool-2-thread-3] (TesteCaseTSDAO.java:387) - Inserindo dados dos Steps
Log : 13/05/2019 17:08:51,990 -  INFO [SwingWorker-pool-2-thread-3] (TesteCaseTSDAO.java:387) - Inserindo dados dos Steps
Log : 13/05/2019 17:08:52,006 -  INFO [SwingWorker-pool-2-thread-3] (TesteCaseTSDAO.java:387) - Inserindo dados dos Steps
Log : 13/05/2019 17:08:52,006 -  INFO [SwingWorker-pool-2-thread-3] (TesteCaseTSDAO.java:387) - Inserindo dados dos Steps
Log : 13/05/2019 17:08:52,006 -  INFO [SwingWorker-pool-2-thread-3] (TesteCaseTSDAO.java:387) - Inserindo dados dos Steps
Log : 13/05/2019 17:08:52,006 -  INFO [SwingWorker-pool-2-thread-3] (TesteCaseTSDAO.java:387) - Inserindo dados dos Steps
Log : 13/05/2019 17:08:52,006 -  INFO [SwingWorker-pool-2-thread-3] (TesteCaseTSDAO.java:387) - Inserindo dados dos Steps
Log : 13/05/2019 17:08:52,021 -  INFO [SwingWorker-pool-2-thread-3] (TesteCaseTSDAO.java:387) - Inserindo dados dos Steps
Log : 13/05/2019 17:08:52,021 -  INFO [SwingWorker-pool-2-thread-3] (TesteCaseTSDAO.java:387) - Inserindo dados dos Steps
Log : 13/05/2019 17:08:52,021 -  INFO [SwingWorker-pool-2-thread-3] (TesteCaseTSDAO.java:387) - Inserindo dados dos Steps
Log : 13/05/2019 17:08:52,037 -  INFO [SwingWorker-pool-2-thread-3] (TesteCaseTSDAO.java:387) - Inserindo dados dos Steps
Log : 13/05/2019 17:08:52,037 -  INFO [SwingWorker-pool-2-thread-3] (TesteCaseTSDAO.java:387) - Inserindo dados dos Steps
Log : 13/05/2019 17:08:52,037 -  INFO [SwingWorker-pool-2-thread-3] (TesteCaseTSDAO.java:420) - Dados inseridos na planilha
Log : 13/05/2019 17:08:52,037 -  INFO [SwingWorker-pool-2-thread-3] (TesteCaseTSDAO.java:346) - Inserindo dados dos TCs
Log : 13/05/2019 17:08:52,037 -  INFO [SwingWorker-pool-2-thread-3] (TesteCaseTSDAO.java:387) - Inserindo dados dos Steps
Log : 13/05/2019 17:08:52,053 -  INFO [SwingWorker-pool-2-thread-3] (TesteCaseTSDAO.java:387) - Inserindo dados dos Steps
Log : 13/05/2019 17:08:52,053 -  INFO [SwingWorker-pool-2-thread-3] (TesteCaseTSDAO.java:387) - Inserindo dados dos Steps
Log : 13/05/2019 17:08:52,053 -  INFO [SwingWorker-pool-2-thread-3] (TesteCaseTSDAO.java:387) - Inserindo dados dos Steps
Log : 13/05/2019 17:08:52,053 -  INFO [SwingWorker-pool-2-thread-3] (TesteCaseTSDAO.java:387) - Inserindo dados dos Steps
Log : 13/05/2019 17:08:52,053 -  INFO [SwingWorker-pool-2-thread-3] (TesteCaseTSDAO.java:387) - Inserindo dados dos Steps
Log : 13/05/2019 17:08:52,053 -  INFO [SwingWorker-pool-2-thread-3] (TesteCaseTSDAO.java:387) - Inserindo dados dos Steps
Log : 13/05/2019 17:08:52,053 -  INFO [SwingWorker-pool-2-thread-3] (TesteCaseTSDAO.java:387) - Inserindo dados dos Steps
Log : 13/05/2019 17:08:52,068 -  INFO [SwingWorker-pool-2-thread-3] (TesteCaseTSDAO.java:387) - Inserindo dados dos Steps
Log : 13/05/2019 17:08:52,084 -  INFO [SwingWorker-pool-2-thread-3] (TesteCaseTSDAO.java:387) - Inserindo dados dos Steps
Log : 13/05/2019 17:08:52,084 -  INFO [SwingWorker-pool-2-thread-3] (TesteCaseTSDAO.java:387) - Inserindo dados dos Steps
Log : 13/05/2019 17:08:52,084 -  INFO [SwingWorker-pool-2-thread-3] (TesteCaseTSDAO.java:387) - Inserindo dados dos Steps
Log : 13/05/2019 17:08:52,084 -  INFO [SwingWorker-pool-2-thread-3] (TesteCaseTSDAO.java:387) - Inserindo dados dos Steps
Log : 13/05/2019 17:08:52,084 -  INFO [SwingWorker-pool-2-thread-3] (TesteCaseTSDAO.java:387) - Inserindo dados dos Steps
Log : 13/05/2019 17:08:52,100 -  INFO [SwingWorker-pool-2-thread-3] (TesteCaseTSDAO.java:387) - Inserindo dados dos Steps
Log : 13/05/2019 17:08:52,100 -  INFO [SwingWorker-pool-2-thread-3] (TesteCaseTSDAO.java:387) - Inserindo dados dos Steps
Log : 13/05/2019 17:08:52,100 -  INFO [SwingWorker-pool-2-thread-3] (TesteCaseTSDAO.java:387) - Inserindo dados dos Steps
Log : 13/05/2019 17:08:52,100 -  INFO [SwingWorker-pool-2-thread-3] (TesteCaseTSDAO.java:387) - Inserindo dados dos Steps
Log : 13/05/2019 17:08:52,100 -  INFO [SwingWorker-pool-2-thread-3] (TesteCaseTSDAO.java:387) - Inserindo dados dos Steps
Log : 13/05/2019 17:08:52,100 -  INFO [SwingWorker-pool-2-thread-3] (TesteCaseTSDAO.java:387) - Inserindo dados dos Steps
Log : 13/05/2019 17:08:52,100 -  INFO [SwingWorker-pool-2-thread-3] (TesteCaseTSDAO.java:387) - Inserindo dados dos Steps
Log : 13/05/2019 17:08:52,100 -  INFO [SwingWorker-pool-2-thread-3] (TesteCaseTSDAO.java:387) - Inserindo dados dos Steps
Log : 13/05/2019 17:08:52,100 -  INFO [SwingWorker-pool-2-thread-3] (TesteCaseTSDAO.java:387) - Inserindo dados dos Steps
Log : 13/05/2019 17:08:52,100 -  INFO [SwingWorker-pool-2-thread-3] (TesteCaseTSDAO.java:387) - Inserindo dados dos Steps
Log : 13/05/2019 17:08:52,100 -  INFO [SwingWorker-pool-2-thread-3] (TesteCaseTSDAO.java:387) - Inserindo dados dos Steps
Log : 13/05/2019 17:08:52,100 -  INFO [SwingWorker-pool-2-thread-3] (TesteCaseTSDAO.java:387) - Inserindo dados dos Steps
Log : 13/05/2019 17:08:52,100 -  INFO [SwingWorker-pool-2-thread-3] (TesteCaseTSDAO.java:420) - Dados inseridos na planilha
Log : 13/05/2019 17:08:52,115 -  INFO [SwingWorker-pool-2-thread-3] (TesteCaseTSDAO.java:441) - Preparando para salvar planilha
Log : 13/05/2019 17:08:52,209 -  INFO [SwingWorker-pool-2-thread-3] (TesteCaseTSDAO.java:444) - Fim método - new FileOutputStream(destinationSheet) 
Log : 13/05/2019 17:08:52,209 -  INFO [SwingWorker-pool-2-thread-3] (TesteCaseTSDAO.java:445) - Tentando gravar na planilha.
Log : 13/05/2019 17:08:54,162 -  INFO [SwingWorker-pool-2-thread-3] (TesteCaseTSDAO.java:447) - Fim método - workbook.write(fileOut)
Log : 13/05/2019 17:08:54,178 -  INFO [SwingWorker-pool-2-thread-3] (TesteCaseTSDAO.java:451) - Planilha gerada.
Log : 13/05/2019 17:26:24,600 - ERROR [AWT-EventQueue-0] (SystemDAO.java:71) - Erro ao executar a query SELECT [Id],[Descricao] FROM CT_CREATOR_DB_DEV.[dbo].[System]  ORDER BY [Descricao] ASC Connection reset by peer: socket write error
com.microsoft.sqlserver.jdbc.SQLServerException: Connection reset by peer: socket write error
	at com.microsoft.sqlserver.jdbc.SQLServerConnection.terminate(SQLServerConnection.java:2887)
	at com.microsoft.sqlserver.jdbc.TDSChannel.write(IOBuffer.java:2045)
	at com.microsoft.sqlserver.jdbc.TDSWriter.flush(IOBuffer.java:4146)
	at com.microsoft.sqlserver.jdbc.TDSWriter.writePacket(IOBuffer.java:4048)
	at com.microsoft.sqlserver.jdbc.TDSWriter.endMessage(IOBuffer.java:3185)
	at com.microsoft.sqlserver.jdbc.TDSCommand.startResponse(IOBuffer.java:7556)
	at com.microsoft.sqlserver.jdbc.SQLServerStatement.doExecuteStatement(SQLServerStatement.java:866)
	at com.microsoft.sqlserver.jdbc.SQLServerStatement$StmtExecCmd.doExecute(SQLServerStatement.java:768)
	at com.microsoft.sqlserver.jdbc.TDSCommand.execute(IOBuffer.java:7194)
	at com.microsoft.sqlserver.jdbc.SQLServerConnection.executeCommand(SQLServerConnection.java:2930)
	at com.microsoft.sqlserver.jdbc.SQLServerStatement.executeCommand(SQLServerStatement.java:248)
	at com.microsoft.sqlserver.jdbc.SQLServerStatement.executeStatement(SQLServerStatement.java:223)
	at com.microsoft.sqlserver.jdbc.SQLServerStatement.executeQuery(SQLServerStatement.java:693)
	at com.accenture.ts.dao.SystemDAO.getAll(SystemDAO.java:53)
	at com.accenture.ts.rn.TestCaseTSRN.getSystemsBD(TestCaseTSRN.java:573)
	at com.accenture.view.FilterTestCaseScreenTSView1.loadComboTSDB(FilterTestCaseScreenTSView1.java:420)
	at com.accenture.view.FilterTestCaseScreenTSView1.<init>(FilterTestCaseScreenTSView1.java:60)
	at com.accenture.view.EditScreenTSView.callFilter(EditScreenTSView.java:1665)
	at com.accenture.view.EditScreenTSView$1.doInBackground(EditScreenTSView.java:139)
	at javax.swing.SwingWorker$1.call(SwingWorker.java:295)
	at java.util.concurrent.FutureTask.run(FutureTask.java:266)
	at javax.swing.SwingWorker.run(SwingWorker.java:334)
	at com.accenture.view.EditScreenTSView.<init>(EditScreenTSView.java:151)
	at com.accenture.view.MainScreenView.criaJanelaEditScreenTSView(MainScreenView.java:1121)
	at com.accenture.view.MainScreenView.jMenuItem4ActionPerformed(MainScreenView.java:714)
	at com.accenture.view.MainScreenView.access$1100(MainScreenView.java:75)
	at com.accenture.view.MainScreenView$16.actionPerformed(MainScreenView.java:377)
	at javax.swing.AbstractButton.fireActionPerformed(AbstractButton.java:2022)
	at javax.swing.AbstractButton$Handler.actionPerformed(AbstractButton.java:2348)
	at javax.swing.DefaultButtonModel.fireActionPerformed(DefaultButtonModel.java:402)
	at javax.swing.DefaultButtonModel.setPressed(DefaultButtonModel.java:259)
	at javax.swing.AbstractButton.doClick(AbstractButton.java:376)
	at javax.swing.plaf.basic.BasicMenuItemUI.doClick(BasicMenuItemUI.java:842)
	at javax.swing.plaf.basic.BasicMenuItemUI$Handler.mouseReleased(BasicMenuItemUI.java:886)
	at java.awt.Component.processMouseEvent(Component.java:6539)
	at javax.swing.JComponent.processMouseEvent(JComponent.java:3324)
	at java.awt.Component.processEvent(Component.java:6304)
	at java.awt.Container.processEvent(Container.java:2239)
	at java.awt.Component.dispatchEventImpl(Component.java:4889)
	at java.awt.Container.dispatchEventImpl(Container.java:2297)
	at java.awt.Component.dispatchEvent(Component.java:4711)
	at java.awt.LightweightDispatcher.retargetMouseEvent(Container.java:4904)
	at java.awt.LightweightDispatcher.processMouseEvent(Container.java:4535)
	at java.awt.LightweightDispatcher.dispatchEvent(Container.java:4476)
	at java.awt.Container.dispatchEventImpl(Container.java:2283)
	at java.awt.Window.dispatchEventImpl(Window.java:2746)
	at java.awt.Component.dispatchEvent(Component.java:4711)
	at java.awt.EventQueue.dispatchEventImpl(EventQueue.java:760)
	at java.awt.EventQueue.access$500(EventQueue.java:97)
	at java.awt.EventQueue$3.run(EventQueue.java:709)
	at java.awt.EventQueue$3.run(EventQueue.java:703)
	at java.security.AccessController.doPrivileged(Native Method)
	at java.security.ProtectionDomain$JavaSecurityAccessImpl.doIntersectionPrivilege(ProtectionDomain.java:74)
	at java.security.ProtectionDomain$JavaSecurityAccessImpl.doIntersectionPrivilege(ProtectionDomain.java:84)
	at java.awt.EventQueue$4.run(EventQueue.java:733)
	at java.awt.EventQueue$4.run(EventQueue.java:731)
	at java.security.AccessController.doPrivileged(Native Method)
	at java.security.ProtectionDomain$JavaSecurityAccessImpl.doIntersectionPrivilege(ProtectionDomain.java:74)
	at java.awt.EventQueue.dispatchEvent(EventQueue.java:730)
	at java.awt.EventDispatchThread.pumpOneEventForFilters(EventDispatchThread.java:205)
	at java.awt.EventDispatchThread.pumpEventsForFilter(EventDispatchThread.java:116)
	at java.awt.EventDispatchThread.pumpEventsForHierarchy(EventDispatchThread.java:105)
	at java.awt.EventDispatchThread.pumpEvents(EventDispatchThread.java:101)
	at java.awt.EventDispatchThread.pumpEvents(EventDispatchThread.java:93)
	at java.awt.EventDispatchThread.run(EventDispatchThread.java:82)
Caused by: java.net.SocketException: Connection reset by peer: socket write error
	at java.net.SocketOutputStream.socketWrite0(Native Method)
	at java.net.SocketOutputStream.socketWrite(SocketOutputStream.java:111)
	at java.net.SocketOutputStream.write(SocketOutputStream.java:155)
	at com.microsoft.sqlserver.jdbc.TDSChannel.write(IOBuffer.java:2040)
	... 63 more
Log : 13/05/2019 19:22:20,640 - ERROR [SwingWorker-pool-2-thread-5] (EditScreenTSView.java:2289) - java.lang.ArrayIndexOutOfBoundsException: 0 >= 0
Log : 13/05/2019 19:25:07,519 - ERROR [SwingWorker-pool-2-thread-2] (TesteCaseTSDAO.java:1097) - Erro ao recuperar os CTs Sintaxe incorreta próxima a '='.
com.microsoft.sqlserver.jdbc.SQLServerException: Sintaxe incorreta próxima a '='.
	at com.microsoft.sqlserver.jdbc.SQLServerException.makeFromDatabaseError(SQLServerException.java:256)
	at com.microsoft.sqlserver.jdbc.SQLServerStatement.getNextResult(SQLServerStatement.java:1621)
	at com.microsoft.sqlserver.jdbc.SQLServerStatement.doExecuteStatement(SQLServerStatement.java:868)
	at com.microsoft.sqlserver.jdbc.SQLServerStatement$StmtExecCmd.doExecute(SQLServerStatement.java:768)
	at com.microsoft.sqlserver.jdbc.TDSCommand.execute(IOBuffer.java:7194)
	at com.microsoft.sqlserver.jdbc.SQLServerConnection.executeCommand(SQLServerConnection.java:2930)
	at com.microsoft.sqlserver.jdbc.SQLServerStatement.executeCommand(SQLServerStatement.java:248)
	at com.microsoft.sqlserver.jdbc.SQLServerStatement.executeStatement(SQLServerStatement.java:223)
	at com.microsoft.sqlserver.jdbc.SQLServerStatement.executeQuery(SQLServerStatement.java:693)
	at com.accenture.ts.dao.TesteCaseTSDAO.getByFields(TesteCaseTSDAO.java:1058)
	at com.accenture.ts.rn.TestCaseTSRN.getTesteCaseTSBeanBySystemNameBD(TestCaseTSRN.java:592)
	at com.accenture.view.FilterTestCaseScreenTSView1.searchCTDB(FilterTestCaseScreenTSView1.java:477)
	at com.accenture.view.FilterTestCaseScreenTSView1.access$1000(FilterTestCaseScreenTSView1.java:37)
	at com.accenture.view.FilterTestCaseScreenTSView1$10.doInBackground(FilterTestCaseScreenTSView1.java:258)
	at javax.swing.SwingWorker$1.call(SwingWorker.java:295)
	at java.util.concurrent.FutureTask.run(FutureTask.java:266)
	at javax.swing.SwingWorker.run(SwingWorker.java:334)
	at java.util.concurrent.ThreadPoolExecutor.runWorker(ThreadPoolExecutor.java:1149)
	at java.util.concurrent.ThreadPoolExecutor$Worker.run(ThreadPoolExecutor.java:624)
	at java.lang.Thread.run(Thread.java:748)
Log : 13/05/2019 19:25:07,957 - ERROR [SwingWorker-pool-2-thread-2] (EditScreenTSView.java:1655) - Erro
java.lang.NullPointerException
	at com.accenture.view.EditScreenTSView.loadTableCtDB(EditScreenTSView.java:1589)
	at com.accenture.view.FilterTestCaseScreenTSView1.searchCTDB(FilterTestCaseScreenTSView1.java:485)
	at com.accenture.view.FilterTestCaseScreenTSView1.access$1000(FilterTestCaseScreenTSView1.java:37)
	at com.accenture.view.FilterTestCaseScreenTSView1$10.doInBackground(FilterTestCaseScreenTSView1.java:258)
	at javax.swing.SwingWorker$1.call(SwingWorker.java:295)
	at java.util.concurrent.FutureTask.run(FutureTask.java:266)
	at javax.swing.SwingWorker.run(SwingWorker.java:334)
	at java.util.concurrent.ThreadPoolExecutor.runWorker(ThreadPoolExecutor.java:1149)
	at java.util.concurrent.ThreadPoolExecutor$Worker.run(ThreadPoolExecutor.java:624)
	at java.lang.Thread.run(Thread.java:748)
Log : 13/05/2019 19:26:00,394 - ERROR [SwingWorker-pool-2-thread-5] (TesteCaseTSDAO.java:1097) - Erro ao recuperar os CTs Sintaxe incorreta próxima a '='.
com.microsoft.sqlserver.jdbc.SQLServerException: Sintaxe incorreta próxima a '='.
	at com.microsoft.sqlserver.jdbc.SQLServerException.makeFromDatabaseError(SQLServerException.java:256)
	at com.microsoft.sqlserver.jdbc.SQLServerStatement.getNextResult(SQLServerStatement.java:1621)
	at com.microsoft.sqlserver.jdbc.SQLServerStatement.doExecuteStatement(SQLServerStatement.java:868)
	at com.microsoft.sqlserver.jdbc.SQLServerStatement$StmtExecCmd.doExecute(SQLServerStatement.java:768)
	at com.microsoft.sqlserver.jdbc.TDSCommand.execute(IOBuffer.java:7194)
	at com.microsoft.sqlserver.jdbc.SQLServerConnection.executeCommand(SQLServerConnection.java:2930)
	at com.microsoft.sqlserver.jdbc.SQLServerStatement.executeCommand(SQLServerStatement.java:248)
	at com.microsoft.sqlserver.jdbc.SQLServerStatement.executeStatement(SQLServerStatement.java:223)
	at com.microsoft.sqlserver.jdbc.SQLServerStatement.executeQuery(SQLServerStatement.java:693)
	at com.accenture.ts.dao.TesteCaseTSDAO.getByFields(TesteCaseTSDAO.java:1058)
	at com.accenture.ts.rn.TestCaseTSRN.getTesteCaseTSBeanBySystemNameBD(TestCaseTSRN.java:592)
	at com.accenture.view.FilterTestCaseScreenTSView1.searchCTDB(FilterTestCaseScreenTSView1.java:477)
	at com.accenture.view.FilterTestCaseScreenTSView1.access$1000(FilterTestCaseScreenTSView1.java:37)
	at com.accenture.view.FilterTestCaseScreenTSView1$10.doInBackground(FilterTestCaseScreenTSView1.java:258)
	at javax.swing.SwingWorker$1.call(SwingWorker.java:295)
	at java.util.concurrent.FutureTask.run(FutureTask.java:266)
	at javax.swing.SwingWorker.run(SwingWorker.java:334)
	at java.util.concurrent.ThreadPoolExecutor.runWorker(ThreadPoolExecutor.java:1149)
	at java.util.concurrent.ThreadPoolExecutor$Worker.run(ThreadPoolExecutor.java:624)
	at java.lang.Thread.run(Thread.java:748)
Log : 13/05/2019 19:26:00,504 - ERROR [SwingWorker-pool-2-thread-5] (EditScreenTSView.java:1655) - Erro
java.lang.NullPointerException
	at com.accenture.view.EditScreenTSView.loadTableCtDB(EditScreenTSView.java:1589)
	at com.accenture.view.FilterTestCaseScreenTSView1.searchCTDB(FilterTestCaseScreenTSView1.java:485)
	at com.accenture.view.FilterTestCaseScreenTSView1.access$1000(FilterTestCaseScreenTSView1.java:37)
	at com.accenture.view.FilterTestCaseScreenTSView1$10.doInBackground(FilterTestCaseScreenTSView1.java:258)
	at javax.swing.SwingWorker$1.call(SwingWorker.java:295)
	at java.util.concurrent.FutureTask.run(FutureTask.java:266)
	at javax.swing.SwingWorker.run(SwingWorker.java:334)
	at java.util.concurrent.ThreadPoolExecutor.runWorker(ThreadPoolExecutor.java:1149)
	at java.util.concurrent.ThreadPoolExecutor$Worker.run(ThreadPoolExecutor.java:624)
	at java.lang.Thread.run(Thread.java:748)
